[20:28:35] [main/INFO] (FabricLoader/GameProvider) Loading Minecraft 1.20.4 with Fabric Loader 0.15.1
[20:28:36] [ForkJoinPool-1-worker-1/WARN] (FabricLoader/Metadata) Mod appyprox uses the version unspecified which isn't compatible with Loader's extended semantic version format (Could not parse version number component 'unspecified'!), SemVer is recommended for reliably evaluating dependencies and prioritizing newer version
[20:28:36] [main/INFO] (FabricLoader) Loading 57 mods:
	- appyprox unspecified
	- fabric-api 0.91.1+1.20.4
	- fabric-api-base 0.4.34+f31bf88132
	- fabric-api-lookup-api-v1 1.6.44+9468a19d32
	- fabric-biome-api-v1 13.0.14+9468a19d32
	- fabric-block-api-v1 1.0.13+73761d2e32
	- fabric-block-view-api-v2 1.0.2+73761d2e32
	- fabric-blockrenderlayer-v1 1.1.44+f4b7e42432
	- fabric-client-tags-api-v1 1.1.5+86b1264532
	- fabric-command-api-v1 1.2.39+f71b366f32
	- fabric-command-api-v2 2.2.18+23e8616e32
	- fabric-commands-v0 0.2.56+df3654b332
	- fabric-containers-v0 0.1.80+df3654b332
	- fabric-content-registries-v0 5.0.8+9468a19d32
	- fabric-convention-tags-v1 1.5.8+9468a19d32
	- fabric-crash-report-info-v1 0.2.21+f4b7e42432
	- fabric-data-generation-api-v1 13.1.16+1b2a41bc32
	- fabric-dimensions-v1 2.1.59+a2e8758a32
	- fabric-entity-events-v1 1.5.26+9468a19d32
	- fabric-events-interaction-v0 0.6.13+9468a19d32
	- fabric-events-lifecycle-v0 0.2.70+df3654b332
	- fabric-game-rule-api-v1 1.0.44+6f7ba8f232
	- fabric-gametest-api-v1 1.2.18+9468a19d32
	- fabric-item-api-v1 2.1.33+9468a19d32
	- fabric-item-group-api-v1 4.0.19+f6e85ac232
	- fabric-key-binding-api-v1 1.0.39+f4b7e42432
	- fabric-keybindings-v0 0.2.37+df3654b332
	- fabric-lifecycle-events-v1 2.2.28+9468a19d32
	- fabric-loot-api-v2 2.1.3+6f9f09e032
	- fabric-message-api-v1 6.0.3+ebb1549632
	- fabric-mining-level-api-v1 2.1.58+f4b7e42432
	- fabric-model-loading-api-v1 1.0.6+9468a19d32
	- fabric-models-v0 0.4.5+9386d8a732
	- fabric-networking-api-v1 3.1.1+901470e432
	- fabric-object-builder-api-v1 13.0.6+a2e8758a32
	- fabric-particles-v1 1.1.5+f4b7e42432
	- fabric-recipe-api-v1 2.0.14+23e8616e32
	- fabric-registry-sync-v0 4.0.12+9468a19d32
	- fabric-renderer-api-v1 3.2.2+2034447c32
	- fabric-renderer-indigo 1.5.2+2034447c32
	- fabric-renderer-registries-v1 3.2.49+df3654b332
	- fabric-rendering-data-attachment-v1 0.3.40+73761d2e32
	- fabric-rendering-fluids-v1 3.0.31+f4b7e42432
	- fabric-rendering-v0 1.1.52+df3654b332
	- fabric-rendering-v1 3.0.11+9468a19d32
	- fabric-resource-conditions-api-v1 2.3.12+de5c6cca32
	- fabric-resource-loader-v0 0.11.14+f31bf88132
	- fabric-screen-api-v1 2.0.15+f6e85ac232
	- fabric-screen-handler-api-v1 1.3.49+9468a19d32
	- fabric-sound-api-v1 1.0.15+f4b7e42432
	- fabric-transfer-api-v1 4.0.5+aaf9c96932
	- fabric-transitive-access-wideners-v1 5.0.12+1b2a41bc32
	- fabricloader 0.15.1
	   \-- mixinextras 0.3.1
	- java 17
	- minecraft 1.20.4
	- modmenu 8.0.0
[20:28:36] [main/INFO] (FabricLoader/Mixin) SpongePowered MIXIN Subsystem Version=0.8.5 Source=file:/home/april/.gradle/caches/modules-2/files-2.1/net.fabricmc/sponge-mixin/0.12.5+mixin.0.8.5/8d31fb97c3e0cd7c8dad3441851c523bcfae6d8e/sponge-mixin-0.12.5+mixin.0.8.5.jar Service=Knot/Fabric Env=CLIENT
[20:28:36] [main/INFO] (FabricLoader/Mixin) Loaded Fabric development mappings for mixin remapper!
[20:28:36] [main/INFO] (FabricLoader/Mixin) Compatibility level set to JAVA_16
[20:28:36] [main/INFO] (FabricLoader/Mixin) Compatibility level set to JAVA_17
[20:28:37] [main/WARN] (FabricLoader/Mixin) Reference map 'appyprox.refmap.json' for appyprox.mixins.json could not be read. If this is a development environment you can ignore this message
[20:28:38] [main/INFO] (FabricLoader/MixinExtras|Service) Initializing MixinExtras via com.llamalad7.mixinextras.service.MixinExtrasServiceImpl(version=0.3.1).
[20:28:44] [Datafixer Bootstrap/INFO] (Minecraft) 198 Datafixer optimizations took 293 milliseconds
[20:28:47] [Render thread/INFO] (Minecraft) Environment: Environment[sessionHost=https://sessionserver.mojang.com, servicesHost=https://api.minecraftservices.com, name=PROD]
[20:28:47] [Render thread/INFO] (Minecraft) Setting user: Player693
[20:28:48] [Render thread/INFO] (fabric-networking-api-v1) Force Packet Serialization is enabled to mimic remote connection on single player, this is the default behaviour on dev env. Add -Dfabric-api.networking.force-packet-serialization=false JVM arg to disable it.
[20:28:48] [Render thread/ERROR] (Mod Menu) Mod appyprox provides a broken implementation of ModMenuApi
net.fabricmc.loader.api.EntrypointException: Exception while loading entries for entrypoint 'modmenu' provided by 'appyprox'
	at net.fabricmc.loader.impl.entrypoint.EntrypointContainerImpl.getEntrypoint(EntrypointContainerImpl.java:56) ~[fabric-loader-0.15.1.jar:?]
	at com.terraformersmc.modmenu.ModMenu.lambda$onInitializeClient$1(ModMenu.java:74) ~[modmenu-8.0.0.jar:?]
	at java.util.ArrayList.forEach(ArrayList.java:1511) ~[?:?]
	at com.terraformersmc.modmenu.ModMenu.onInitializeClient(ModMenu.java:70) ~[modmenu-8.0.0.jar:?]
	at net.fabricmc.loader.impl.FabricLoaderImpl.invokeEntrypoints(FabricLoaderImpl.java:384) ~[fabric-loader-0.15.1.jar:?]
	at net.fabricmc.loader.impl.game.minecraft.Hooks.startClient(Hooks.java:53) ~[fabric-loader-0.15.1.jar:?]
	at net.minecraft.client.MinecraftClient.<init>(MinecraftClient.java:487) ~[minecraft-merged-project-root-1.20.4-net.fabricmc.yarn.1_20_4.1.20.4+build.3-v2.jar:?]
	at net.minecraft.client.main.Main.main(Main.java:223) ~[minecraft-merged-project-root-1.20.4-net.fabricmc.yarn.1_20_4.1.20.4+build.3-v2.jar:?]
	at net.fabricmc.loader.impl.game.minecraft.MinecraftGameProvider.launch(MinecraftGameProvider.java:470) ~[fabric-loader-0.15.1.jar:?]
	at net.fabricmc.loader.impl.launch.knot.Knot.launch(Knot.java:74) ~[fabric-loader-0.15.1.jar:?]
	at net.fabricmc.loader.impl.launch.knot.KnotClient.main(KnotClient.java:23) ~[fabric-loader-0.15.1.jar:?]
	at net.fabricmc.devlaunchinjector.Main.main(Main.java:86) ~[dev-launch-injector-0.2.1+build.8.jar:?]
Caused by: net.fabricmc.loader.api.LanguageAdapterException: java.lang.ClassNotFoundException: dev.aprilrenders.appyprox.integration.ModMenuIntegration
	at net.fabricmc.loader.impl.util.DefaultLanguageAdapter.create(DefaultLanguageAdapter.java:52) ~[fabric-loader-0.15.1.jar:?]
	at net.fabricmc.loader.impl.entrypoint.EntrypointStorage$NewEntry.getOrCreate(EntrypointStorage.java:117) ~[fabric-loader-0.15.1.jar:?]
	at net.fabricmc.loader.impl.entrypoint.EntrypointContainerImpl.getEntrypoint(EntrypointContainerImpl.java:53) ~[fabric-loader-0.15.1.jar:?]
	... 11 more
Caused by: java.lang.ClassNotFoundException: dev.aprilrenders.appyprox.integration.ModMenuIntegration
	at jdk.internal.loader.BuiltinClassLoader.loadClass(BuiltinClassLoader.java:641) ~[?:?]
	at java.lang.ClassLoader.loadClass(ClassLoader.java:525) ~[?:?]
	at net.fabricmc.loader.impl.launch.knot.KnotClassDelegate.loadClass(KnotClassDelegate.java:226) ~[fabric-loader-0.15.1.jar:?]
	at net.fabricmc.loader.impl.launch.knot.KnotClassLoader.loadClass(KnotClassLoader.java:119) ~[fabric-loader-0.15.1.jar:?]
	at java.lang.ClassLoader.loadClass(ClassLoader.java:525) ~[?:?]
	at java.lang.Class.forName0(Native Method) ~[?:?]
	at java.lang.Class.forName(Class.java:467) ~[?:?]
	at net.fabricmc.loader.impl.util.DefaultLanguageAdapter.create(DefaultLanguageAdapter.java:50) ~[fabric-loader-0.15.1.jar:?]
	at net.fabricmc.loader.impl.entrypoint.EntrypointStorage$NewEntry.getOrCreate(EntrypointStorage.java:117) ~[fabric-loader-0.15.1.jar:?]
	at net.fabricmc.loader.impl.entrypoint.EntrypointContainerImpl.getEntrypoint(EntrypointContainerImpl.java:53) ~[fabric-loader-0.15.1.jar:?]
	... 11 more
[20:28:48] [Render thread/ERROR] (Mod Menu | FabricMod) Error loading parent data from mod: appyprox
java.lang.RuntimeException: Mod declared itself as its own parent
	at com.terraformersmc.modmenu.util.mod.fabric.FabricMod.<init>(FabricMod.java:81) ~[modmenu-8.0.0.jar:?]
	at com.terraformersmc.modmenu.ModMenu.onInitializeClient(ModMenu.java:90) ~[modmenu-8.0.0.jar:?]
	at net.fabricmc.loader.impl.FabricLoaderImpl.invokeEntrypoints(FabricLoaderImpl.java:384) ~[fabric-loader-0.15.1.jar:?]
	at net.fabricmc.loader.impl.game.minecraft.Hooks.startClient(Hooks.java:53) ~[fabric-loader-0.15.1.jar:?]
	at net.minecraft.client.MinecraftClient.<init>(MinecraftClient.java:487) ~[minecraft-merged-project-root-1.20.4-net.fabricmc.yarn.1_20_4.1.20.4+build.3-v2.jar:?]
	at net.minecraft.client.main.Main.main(Main.java:223) ~[minecraft-merged-project-root-1.20.4-net.fabricmc.yarn.1_20_4.1.20.4+build.3-v2.jar:?]
	at net.fabricmc.loader.impl.game.minecraft.MinecraftGameProvider.launch(MinecraftGameProvider.java:470) ~[fabric-loader-0.15.1.jar:?]
	at net.fabricmc.loader.impl.launch.knot.Knot.launch(Knot.java:74) ~[fabric-loader-0.15.1.jar:?]
	at net.fabricmc.loader.impl.launch.knot.KnotClient.main(KnotClient.java:23) ~[fabric-loader-0.15.1.jar:?]
	at net.fabricmc.devlaunchinjector.Main.main(Main.java:86) ~[dev-launch-injector-0.2.1+build.8.jar:?]
[20:28:48] [Worker-Main-1/INFO] (Mod Menu/Update Checker) Checking mod updates...
[20:28:48] [Download-2/ERROR] (Minecraft) Failed to fetch user properties
com.mojang.authlib.exceptions.InvalidCredentialsException: Status: 401
	at com.mojang.authlib.exceptions.MinecraftClientHttpException.toAuthenticationException(MinecraftClientHttpException.java:59) ~[authlib-6.0.52.jar:?]
	at com.mojang.authlib.yggdrasil.YggdrasilUserApiService.fetchProperties(YggdrasilUserApiService.java:150) ~[authlib-6.0.52.jar:?]
	at net.minecraft.client.MinecraftClient.method_55608(MinecraftClient.java:467) ~[minecraft-merged-project-root-1.20.4-net.fabricmc.yarn.1_20_4.1.20.4+build.3-v2.jar:?]
	at java.util.concurrent.CompletableFuture$AsyncSupply.run(CompletableFuture.java:1768) ~[?:?]
	at java.util.concurrent.ThreadPoolExecutor.runWorker(ThreadPoolExecutor.java:1136) ~[?:?]
	at java.util.concurrent.ThreadPoolExecutor$Worker.run(ThreadPoolExecutor.java:635) ~[?:?]
	at java.lang.Thread.run(Thread.java:840) ~[?:?]
Caused by: com.mojang.authlib.exceptions.MinecraftClientHttpException: Status: 401
	at com.mojang.authlib.minecraft.client.MinecraftClient.readInputStream(MinecraftClient.java:100) ~[authlib-6.0.52.jar:?]
	at com.mojang.authlib.minecraft.client.MinecraftClient.get(MinecraftClient.java:57) ~[authlib-6.0.52.jar:?]
	at com.mojang.authlib.yggdrasil.YggdrasilUserApiService.fetchProperties(YggdrasilUserApiService.java:121) ~[authlib-6.0.52.jar:?]
	... 5 more
[20:28:48] [Render thread/INFO] (Indigo) [Indigo] Registering Indigo renderer!
[20:28:48] [Render thread/INFO] (appyprox) Initializing AppyProx Fabric Client...
[20:28:48] [Render thread/INFO] (AutoDeployManager) Loaded auto-deploy configuration: enabled=true
[20:28:48] [Render thread/INFO] (AutoDeployManager) AutoDeployManager initialized - Script: /home/april/Projects/AppyProx/AppyProx-FabricMod/run/../auto-deploy.sh
[20:28:48] [Render thread/INFO] (appyprox) Auto-deploy manager initialized successfully
[20:28:48] [Render thread/INFO] (AppyProxManager) Initializing AppyProx Manager...
[20:28:48] [Render thread/INFO] (XaerosIntegration) Initializing Xaeros integration...
[20:28:48] [Render thread/WARN] (XaerosIntegration) Xaeros mods not detected - integration disabled
[20:28:48] [Render thread/INFO] (AppyProxManager) Connected to AppyProx backend
[20:28:48] [Render thread/INFO] (AppyProxManager) AppyProx Manager initialized
[20:28:48] [Render thread/INFO] (MenuIntegration) Initializing AppyProx menu integration...
[20:28:48] [Render thread/INFO] (MenuIntegration) Menu integration initialized successfully
[20:28:48] [Render thread/INFO] (ClusterOverlay) Initializing cluster overlay system...
[20:28:48] [Render thread/INFO] (ClusterOverlay) Cluster overlay system initialized
[20:28:48] [Render thread/INFO] (appyprox) Starting auto-deployment...
[20:28:48] [Render thread/INFO] (AutoDeployManager) Starting AppyProx auto-deployment...
[20:28:48] [Render thread/INFO] (AutoDeployManager) [AppyProx] Starting auto-deployment...
[20:28:48] [pool-4-thread-1/INFO] (AutoDeployManager) Waiting 5000ms before starting deployment...
[20:28:48] [Render thread/INFO] (appyprox) AppyProx Fabric Client initialized successfully!
[20:28:49] [Render thread/INFO] (Minecraft) Backend library: LWJGL version 3.3.2-snapshot
[20:28:50] [Render thread/ERROR] (Minecraft) Error while loading the narrator
com.mojang.text2speech.Narrator$InitializeException: Failed to load library flite
	at com.mojang.text2speech.NarratorLinux$FliteLibrary.loadNative(NarratorLinux.java:69) ~[text2speech-1.17.9.jar:?]
	at com.mojang.text2speech.NarratorLinux.<init>(NarratorLinux.java:18) ~[text2speech-1.17.9.jar:?]
	at com.mojang.text2speech.Narrator.getNarrator(Narrator.java:41) ~[text2speech-1.17.9.jar:?]
	at net.minecraft.client.util.NarratorManager.<init>(NarratorManager.java:19) ~[minecraft-merged-project-root-1.20.4-net.fabricmc.yarn.1_20_4.1.20.4+build.3-v2.jar:?]
	at net.minecraft.client.MinecraftClient.<init>(MinecraftClient.java:684) ~[minecraft-merged-project-root-1.20.4-net.fabricmc.yarn.1_20_4.1.20.4+build.3-v2.jar:?]
	at net.minecraft.client.main.Main.main(Main.java:223) ~[minecraft-merged-project-root-1.20.4-net.fabricmc.yarn.1_20_4.1.20.4+build.3-v2.jar:?]
	at net.fabricmc.loader.impl.game.minecraft.MinecraftGameProvider.launch(MinecraftGameProvider.java:470) ~[fabric-loader-0.15.1.jar:?]
	at net.fabricmc.loader.impl.launch.knot.Knot.launch(Knot.java:74) ~[fabric-loader-0.15.1.jar:?]
	at net.fabricmc.loader.impl.launch.knot.KnotClient.main(KnotClient.java:23) ~[fabric-loader-0.15.1.jar:?]
	at net.fabricmc.devlaunchinjector.Main.main(Main.java:86) ~[dev-launch-injector-0.2.1+build.8.jar:?]
Caused by: java.lang.UnsatisfiedLinkError: Unable to load library 'flite':
libflite.so: cannot open shared object file: No such file or directory
libflite.so: cannot open shared object file: No such file or directory
Native library (linux-x86-64/libflite.so) not found in resource path (/home/april/Projects/AppyProx/AppyProx-FabricMod/build/classes/java/main:/home/april/Projects/AppyProx/AppyProx-FabricMod/build/resources/main:/home/april/.gradle/caches/fabric-loom/1.20.4/net.fabricmc.yarn.1_20_4.1.20.4+build.3-v2/mappings.jar:/home/april/.gradle/caches/modules-2/files-2.1/com.squareup.okhttp3/okhttp/4.12.0/2f4525d4a200e97e1b87449c2cd9bd2e25b7e8cd/okhttp-4.12.0.jar:/home/april/.gradle/caches/modules-2/files-2.1/com.google.code.gson/gson/2.10.1/b3add478d4382b78ea20b1671390a858002feb6c/gson-2.10.1.jar:/home/april/.gradle/caches/modules-2/files-2.1/org.ow2.asm/asm/9.6/aa205cf0a06dbd8e04ece91c0b37c3f5d567546a/asm-9.6.jar:/home/april/.gradle/caches/modules-2/files-2.1/org.ow2.asm/asm-analysis/9.6/9ce6c7b174bd997fc2552dff47964546bd7a5ec3/asm-analysis-9.6.jar:/home/april/.gradle/caches/modules-2/files-2.1/org.ow2.asm/asm-commons/9.6/f1a9e5508eff490744144565c47326c8648be309/asm-commons-9.6.jar:/home/april/.gradle/caches/modules-2/files-2.1/org.ow2.asm/asm-tree/9.6/c0cdda9d211e965d2a4448aa3fd86110f2f8c2de/asm-tree-9.6.jar:/home/april/.gradle/caches/modules-2/files-2.1/org.ow2.asm/asm-util/9.6/f77caf84eb93786a749b2baa40865b9613e3eaee/asm-util-9.6.jar:/home/april/.gradle/caches/modules-2/files-2.1/net.fabricmc/sponge-mixin/0.12.5+mixin.0.8.5/8d31fb97c3e0cd7c8dad3441851c523bcfae6d8e/sponge-mixin-0.12.5+mixin.0.8.5.jar:/home/april/.gradle/caches/modules-2/files-2.1/net.fabricmc/dev-launch-injector/0.2.1+build.8/da8bef7e6e2f952da707f282bdb46882a0fce5e3/dev-launch-injector-0.2.1+build.8.jar:/home/april/.gradle/caches/modules-2/files-2.1/net.minecrell/terminalconsoleappender/1.2.0/96d02cd3b384ff015a8fef4223bcb4ccf1717c95/terminalconsoleappender-1.2.0.jar:/home/april/.gradle/caches/modules-2/files-2.1/com.github.oshi/oshi-core/6.4.5/943ba26de047eb6b28fff47f5ee939a34eb5fc8e/oshi-core-6.4.5.jar:/home/april/.gradle/caches/modules-2/files-2.1/com.google.guava/failureaccess/1.0.1/1dcf1de382a0bf95a3d8b0849546c88bac1292c9/failureaccess-1.0.1.jar:/home/april/.gradle/caches/modules-2/files-2.1/com.google.guava/guava/32.1.2-jre/5e64ec7e056456bef3a4bc4c6fdaef71e8ab6318/guava-32.1.2-jre.jar:/home/april/.gradle/caches/modules-2/files-2.1/com.ibm.icu/icu4j/73.2/61ad4ef7f9131fcf6d25c34b817f90d6da06c9e9/icu4j-73.2.jar:/home/april/.gradle/caches/modules-2/files-2.1/com.mojang/authlib/6.0.52/65085e2eb921c4a3ebdde3d248637f1776e6d80d/authlib-6.0.52.jar:/home/april/.gradle/caches/modules-2/files-2.1/com.mojang/blocklist/1.0.10/5c685c5ffa94c4cd39496c7184c1d122e515ecef/blocklist-1.0.10.jar:/home/april/.gradle/caches/modules-2/files-2.1/com.mojang/brigadier/1.2.9/73e324f2ee541493a5179abf367237faa782ed21/brigadier-1.2.9.jar:/home/april/.gradle/caches/modules-2/files-2.1/com.mojang/datafixerupper/6.0.8/3ba4a30557a9b057760af4011f909ba619fc5125/datafixerupper-6.0.8.jar:/home/april/.gradle/caches/modules-2/files-2.1/com.mojang/logging/1.1.1/832b8e6674a9b325a5175a3a6267dfaf34c85139/logging-1.1.1.jar:/home/april/.gradle/caches/modules-2/files-2.1/com.mojang/patchy/2.2.10/da05971b07cbb379d002cf7eaec6a2048211fefc/patchy-2.2.10.jar:/home/april/.gradle/caches/modules-2/files-2.1/com.mojang/text2speech/1.17.9/3cad216e3a7f0c19b4b394388bc9ffc446f13b14/text2speech-1.17.9.jar:/home/april/.gradle/caches/modules-2/files-2.1/commons-codec/commons-codec/1.16.0/4e3eb3d79888d76b54e28b350915b5dc3919c9de/commons-codec-1.16.0.jar:/home/april/.gradle/caches/modules-2/files-2.1/commons-io/commons-io/2.13.0/8bb2bc9b4df17e2411533a0708a69f983bf5e83b/commons-io-2.13.0.jar:/home/april/.gradle/caches/modules-2/files-2.1/commons-logging/commons-logging/1.2/4bfc12adfe4842bf07b657f0369c4cb522955686/commons-logging-1.2.jar:/home/april/.gradle/caches/modules-2/files-2.1/io.netty/netty-buffer/4.1.97.Final/f8f3d8644afa5e6e1a40a3a6aeb9d9aa970ecb4f/netty-buffer-4.1.97.Final.jar:/home/april/.gradle/caches/modules-2/files-2.1/io.netty/netty-codec/4.1.97.Final/384ba4d75670befbedb45c4d3b497a93639c206d/netty-codec-4.1.97.Final.jar:/home/april/.gradle/caches/modules-2/files-2.1/io.netty/netty-common/4.1.97.Final/7cceacaf11df8dc63f23d0fb58e9d4640fc88404/netty-common-4.1.97.Final.jar:/home/april/.gradle/caches/modules-2/files-2.1/io.netty/netty-handler/4.1.97.Final/abb86c6906bf512bf2b797a41cd7d2e8d3cd7c36/netty-handler-4.1.97.Final.jar:/home/april/.gradle/caches/modules-2/files-2.1/io.netty/netty-resolver/4.1.97.Final/cec8348108dc76c47cf87c669d514be52c922144/netty-resolver-4.1.97.Final.jar:/home/april/.gradle/caches/modules-2/files-2.1/io.netty/netty-transport-classes-epoll/4.1.97.Final/795da37ded759e862457a82d9d92c4d39ce8ecee/netty-transport-classes-epoll-4.1.97.Final.jar:/home/april/.gradle/caches/modules-2/files-2.1/io.netty/netty-transport-native-epoll/4.1.97.Final/5514744c588190ffda076b35a9b8c9f24946a960/netty-transport-native-epoll-4.1.97.Final-linux-aarch_64.jar:/home/april/.gradle/caches/modules-2/files-2.1/io.netty/netty-transport-native-epoll/4.1.97.Final/54188f271e388e7f313aea995e82f58ce2cdb809/netty-transport-native-epoll-4.1.97.Final-linux-x86_64.jar:/home/april/.gradle/caches/modules-2/files-2.1/io.netty/netty-transport-native-unix-common/4.1.97.Final/d469d84265ab70095b01b40886cabdd433b6e664/netty-transport-native-unix-common-4.1.97.Final.jar:/home/april/.gradle/caches/modules-2/files-2.1/io.netty/netty-transport/4.1.97.Final/f37380d23c9bb079bc702910833b2fd532c9abd0/netty-transport-4.1.97.Final.jar:/home/april/.gradle/caches/modules-2/files-2.1/it.unimi.dsi/fastutil/8.5.12/c24946d46824bd528054bface3231d2ecb7e95e8/fastutil-8.5.12.jar:/home/april/.gradle/caches/modules-2/files-2.1/net.java.dev.jna/jna-platform/5.13.0/88e9a306715e9379f3122415ef4ae759a352640d/jna-platform-5.13.0.jar:/home/april/.gradle/caches/modules-2/files-2.1/net.java.dev.jna/jna/5.13.0/1200e7ebeedbe0d10062093f32925a912020e747/jna-5.13.0.jar:/home/april/.gradle/caches/modules-2/files-2.1/net.sf.jopt-simple/jopt-simple/5.0.4/4fdac2fbe92dfad86aa6e9301736f6b4342a3f5c/jopt-simple-5.0.4.jar:/home/april/.gradle/caches/modules-2/files-2.1/org.apache.commons/commons-compress/1.22/691a8b4e6cf4248c3bc72c8b719337d5cb7359fa/commons-compress-1.22.jar:/home/april/.gradle/caches/modules-2/files-2.1/org.apache.commons/commons-lang3/3.13.0/b7263237aa89c1f99b327197c41d0669707a462e/commons-lang3-3.13.0.jar:/home/april/.gradle/caches/modules-2/files-2.1/org.apache.httpcomponents/httpclient/4.5.13/e5f6cae5ca7ecaac1ec2827a9e2d65ae2869cada/httpclient-4.5.13.jar:/home/april/.gradle/caches/modules-2/files-2.1/org.apache.httpcomponents/httpcore/4.4.16/51cf043c87253c9f58b539c9f7e44c8894223850/httpcore-4.4.16.jar:/home/april/.gradle/caches/modules-2/files-2.1/org.apache.logging.log4j/log4j-core/2.19.0/3b6eeb4de4c49c0fe38a4ee27188ff5fee44d0bb/log4j-core-2.19.0.jar:/home/april/.gradle/caches/modules-2/files-2.1/org.apache.logging.log4j/log4j-api/2.19.0/ea1b37f38c327596b216542bc636cfdc0b8036fa/log4j-api-2.19.0.jar:/home/april/.gradle/caches/modules-2/files-2.1/org.apache.logging.log4j/log4j-slf4j2-impl/2.19.0/5c04bfdd63ce9dceb2e284b81e96b6a70010ee10/log4j-slf4j2-impl-2.19.0.jar:/home/april/.gradle/caches/modules-2/files-2.1/org.joml/joml/1.10.5/22566d58af70ad3d72308bab63b8339906deb649/joml-1.10.5.jar:/home/april/.gradle/caches/modules-2/files-2.1/org.lwjgl/lwjgl-glfw/3.3.2/757920418805fb90bfebb3d46b1d9e7669fca2eb/lwjgl-glfw-3.3.2.jar:/home/april/.gradle/caches/modules-2/files-2.1/org.lwjgl/lwjgl-glfw/3.3.2/766bb0e8e829598b1c8052fd8173c62af741c52/lwjgl-glfw-3.3.2-natives-linux.jar:/home/april/.gradle/caches/modules-2/files-2.1/org.lwjgl/lwjgl-jemalloc/3.3.2/877e17e39ebcd58a9c956dc3b5b777813de0873a/lwjgl-jemalloc-3.3.2.jar:/home/april/.gradle/caches/modules-2/files-2.1/org.lwjgl/lwjgl-jemalloc/3.3.2/2bc33176cdfabf34a63df154b80914e8f433316b/lwjgl-jemalloc-3.3.2-natives-linux.jar:/home/april/.gradle/caches/modules-2/files-2.1/org.lwjgl/lwjgl-openal/3.3.2/ae5357ed6d934546d3533993ea84c0cfb75eed95/lwjgl-openal-3.3.2.jar:/home/april/.gradle/caches/modules-2/files-2.1/org.lwjgl/lwjgl-openal/3.3.2/650981780b8bbfb3ce43657b22ec8e77bfb1f37a/lwjgl-openal-3.3.2-natives-linux.jar:/home/april/.gradle/caches/modules-2/files-2.1/org.lwjgl/lwjgl-opengl/3.3.2/ee8e95be0b438602038bc1f02dc5e3d011b1b216/lwjgl-opengl-3.3.2.jar:/home/april/.gradle/caches/modules-2/files-2.1/org.lwjgl/lwjgl-opengl/3.3.2/b8368430ef0d91a5acbc6fbfa47b20c3ec083aec/lwjgl-opengl-3.3.2-natives-linux.jar:/home/april/.gradle/caches/modules-2/files-2.1/org.lwjgl/lwjgl-stb/3.3.2/a2550795014d622b686e9caac50b14baa87d2c70/lwjgl-stb-3.3.2.jar:/home/april/.gradle/caches/modules-2/files-2.1/org.lwjgl/lwjgl-stb/3.3.2/5c987f43b342d722b54970159040af76f1c87403/lwjgl-stb-3.3.2-natives-linux.jar:/home/april/.gradle/caches/modules-2/files-2.1/org.lwjgl/lwjgl-tinyfd/3.3.2/9f65c248dd77934105274fcf8351abb75b34327c/lwjgl-tinyfd-3.3.2.jar:/home/april/.gradle/caches/modules-2/files-2.1/org.lwjgl/lwjgl-tinyfd/3.3.2/5d27fc67172b3fcd8400d61a7cfb75da881f609/lwjgl-tinyfd-3.3.2-natives-linux.jar:/home/april/.gradle/caches/modules-2/files-2.1/org.lwjgl/lwjgl/3.3.2/4421d94af68e35dcaa31737a6fc59136a1e61b94/lwjgl-3.3.2.jar:/home/april/.gradle/caches/modules-2/files-2.1/org.lwjgl/lwjgl/3.3.2/767684973f259d97e7dc66a125eb153986f177e7/lwjgl-3.3.2-natives-linux.jar:/home/april/.gradle/caches/modules-2/files-2.1/org.slf4j/slf4j-api/2.0.7/41eb7184ea9d556f23e18b5cb99cad1f8581fc00/slf4j-api-2.0.7.jar:/home/april/Projects/AppyProx/AppyProx-FabricMod/.gradle/loom-cache/minecraftMaven/net/minecraft/minecraft-merged-project-root/1.20.4-net.fabricmc.yarn.1_20_4.1.20.4+build.3-v2/minecraft-merged-project-root-1.20.4-net.fabricmc.yarn.1_20_4.1.20.4+build.3-v2.jar:/home/april/.gradle/caches/modules-2/files-2.1/net.fabricmc/fabric-loader/0.15.1/b5e44adc848d1c3709194b01f97629de145c8a65/fabric-loader-0.15.1.jar:/home/april/Projects/AppyProx/AppyProx-FabricMod/.gradle/loom-cache/remapped_mods/net_fabricmc_yarn_1_20_4_1_20_4_build_3_v2/com/terraformersmc/modmenu/8.0.0/modmenu-8.0.0.jar:/home/april/Projects/AppyProx/AppyProx-FabricMod/.gradle/loom-cache/remapped_mods/net_fabricmc_yarn_1_20_4_1_20_4_build_3_v2/net/fabricmc/fabric-api/fabric-api/0.91.1+1.20.4/fabric-api-0.91.1+1.20.4.jar:/home/april/Projects/AppyProx/AppyProx-FabricMod/.gradle/loom-cache/remapped_mods/net_fabricmc_yarn_1_20_4_1_20_4_build_3_v2/net/fabricmc/fabric-api/fabric-transfer-api-v1/4.0.5+aaf9c96932/fabric-transfer-api-v1-4.0.5+aaf9c96932.jar:/home/april/Projects/AppyProx/AppyProx-FabricMod/.gradle/loom-cache/remapped_mods/net_fabricmc_yarn_1_20_4_1_20_4_build_3_v2/net/fabricmc/fabric-api/fabric-api-lookup-api-v1/1.6.44+9468a19d32/fabric-api-lookup-api-v1-1.6.44+9468a19d32.jar:/home/april/Projects/AppyProx/AppyProx-FabricMod/.gradle/loom-cache/remapped_mods/net_fabricmc_yarn_1_20_4_1_20_4_build_3_v2/net/fabricmc/fabric-api/fabric-blockrenderlayer-v1/1.1.44+f4b7e42432/fabric-blockrenderlayer-v1-1.1.44+f4b7e42432.jar:/home/april/Projects/AppyProx/AppyProx-FabricMod/.gradle/loom-cache/remapped_mods/net_fabricmc_yarn_1_20_4_1_20_4_build_3_v2/net/fabricmc/fabric-api/fabric-client-tags-api-v1/1.1.5+86b1264532/fabric-client-tags-api-v1-1.1.5+86b1264532.jar:/home/april/Projects/AppyProx/AppyProx-FabricMod/.gradle/loom-cache/remapped_mods/net_fabricmc_yarn_1_20_4_1_20_4_build_3_v2/net/fabricmc/fabric-api/fabric-command-api-v1/1.2.39+f71b366f32/fabric-command-api-v1-1.2.39+f71b366f32.jar:/home/april/Projects/AppyProx/AppyProx-FabricMod/.gradle/loom-cache/remapped_mods/net_fabricmc_yarn_1_20_4_1_20_4_build_3_v2/net/fabricmc/fabric-api/fabric-commands-v0/0.2.56+df3654b332/fabric-commands-v0-0.2.56+df3654b332.jar:/home/april/Projects/AppyProx/AppyProx-FabricMod/.gradle/loom-cache/remapped_mods/net_fabricmc_yarn_1_20_4_1_20_4_build_3_v2/net/fabricmc/fabric-api/fabric-command-api-v2/2.2.18+23e8616e32/fabric-command-api-v2-2.2.18+23e8616e32.jar:/home/april/Projects/AppyProx/AppyProx-FabricMod/.gradle/loom-cache/remapped_mods/net_fabricmc_yarn_1_20_4_1_20_4_build_3_v2/net/fabricmc/fabric-api/fabric-content-registries-v0/5.0.8+9468a19d32/fabric-content-registries-v0-5.0.8+9468a19d32.jar:/home/april/Projects/AppyProx/AppyProx-FabricMod/.gradle/loom-cache/remapped_mods/net_fabricmc_yarn_1_20_4_1_20_4_build_3_v2/net/fabricmc/fabric-api/fabric-convention-tags-v1/1.5.8+9468a19d32/fabric-convention-tags-v1-1.5.8+9468a19d32.jar:/home/april/Projects/AppyProx/AppyProx-FabricMod/.gradle/loom-cache/remapped_mods/net_fabricmc_yarn_1_20_4_1_20_4_build_3_v2/net/fabricmc/fabric-api/fabric-data-generation-api-v1/13.1.16+1b2a41bc32/fabric-data-generation-api-v1-13.1.16+1b2a41bc32.jar:/home/april/Projects/AppyProx/AppyProx-FabricMod/.gradle/loom-cache/remapped_mods/net_fabricmc_yarn_1_20_4_1_20_4_build_3_v2/net/fabricmc/fabric-api/fabric-dimensions-v1/2.1.59+a2e8758a32/fabric-dimensions-v1-2.1.59+a2e8758a32.jar:/home/april/Projects/AppyProx/AppyProx-FabricMod/.gradle/loom-cache/remapped_mods/net_fabricmc_yarn_1_20_4_1_20_4_build_3_v2/net/fabricmc/fabric-api/fabric-entity-events-v1/1.5.26+9468a19d32/fabric-entity-events-v1-1.5.26+9468a19d32.jar:/home/april/Projects/AppyProx/AppyProx-FabricMod/.gradle/loom-cache/remapped_mods/net_fabricmc_yarn_1_20_4_1_20_4_build_3_v2/net/fabricmc/fabric-api/fabric-events-interaction-v0/0.6.13+9468a19d32/fabric-events-interaction-v0-0.6.13+9468a19d32.jar:/home/april/Projects/AppyProx/AppyProx-FabricMod/.gradle/loom-cache/remapped_mods/net_fabricmc_yarn_1_20_4_1_20_4_build_3_v2/net/fabricmc/fabric-api/fabric-gametest-api-v1/1.2.18+9468a19d32/fabric-gametest-api-v1-1.2.18+9468a19d32.jar:/home/april/Projects/AppyProx/AppyProx-FabricMod/.gradle/loom-cache/remapped_mods/net_fabricmc_yarn_1_20_4_1_20_4_build_3_v2/net/fabricmc/fabric-api/fabric-events-lifecycle-v0/0.2.70+df3654b332/fabric-events-lifecycle-v0-0.2.70+df3654b332.jar:/home/april/Projects/AppyProx/AppyProx-FabricMod/.gradle/loom-cache/remapped_mods/net_fabricmc_yarn_1_20_4_1_20_4_build_3_v2/net/fabricmc/fabric-api/fabric-item-api-v1/2.1.33+9468a19d32/fabric-item-api-v1-2.1.33+9468a19d32.jar:/home/april/Projects/AppyProx/AppyProx-FabricMod/.gradle/loom-cache/remapped_mods/net_fabricmc_yarn_1_20_4_1_20_4_build_3_v2/net/fabricmc/fabric-api/fabric-item-group-api-v1/4.0.19+f6e85ac232/fabric-item-group-api-v1-4.0.19+f6e85ac232.jar:/home/april/Projects/AppyProx/AppyProx-FabricMod/.gradle/loom-cache/remapped_mods/net_fabricmc_yarn_1_20_4_1_20_4_build_3_v2/net/fabricmc/fabric-api/fabric-mining-level-api-v1/2.1.58+f4b7e42432/fabric-mining-level-api-v1-2.1.58+f4b7e42432.jar:/home/april/Projects/AppyProx/AppyProx-FabricMod/.gradle/loom-cache/remapped_mods/net_fabricmc_yarn_1_20_4_1_20_4_build_3_v2/net/fabricmc/fabric-api/fabric-lifecycle-events-v1/2.2.28+9468a19d32/fabric-lifecycle-events-v1-2.2.28+9468a19d32.jar:/home/april/Projects/AppyProx/AppyProx-FabricMod/.gradle/loom-cache/remapped_mods/net_fabricmc_yarn_1_20_4_1_20_4_build_3_v2/net/fabricmc/fabric-api/fabric-loot-api-v2/2.1.3+6f9f09e032/fabric-loot-api-v2-2.1.3+6f9f09e032.jar:/home/april/Projects/AppyProx/AppyProx-FabricMod/.gradle/loom-cache/remapped_mods/net_fabricmc_yarn_1_20_4_1_20_4_build_3_v2/net/fabricmc/fabric-api/fabric-message-api-v1/6.0.3+ebb1549632/fabric-message-api-v1-6.0.3+ebb1549632.jar:/home/april/Projects/AppyProx/AppyProx-FabricMod/.gradle/loom-cache/remapped_mods/net_fabricmc_yarn_1_20_4_1_20_4_build_3_v2/net/fabricmc/fabric-api/fabric-models-v0/0.4.5+9386d8a732/fabric-models-v0-0.4.5+9386d8a732.jar:/home/april/Projects/AppyProx/AppyProx-FabricMod/.gradle/loom-cache/remapped_mods/net_fabricmc_yarn_1_20_4_1_20_4_build_3_v2/net/fabricmc/fabric-api/fabric-model-loading-api-v1/1.0.6+9468a19d32/fabric-model-loading-api-v1-1.0.6+9468a19d32.jar:/home/april/Projects/AppyProx/AppyProx-FabricMod/.gradle/loom-cache/remapped_mods/net_fabricmc_yarn_1_20_4_1_20_4_build_3_v2/net/fabricmc/fabric-api/fabric-recipe-api-v1/2.0.14+23e8616e32/fabric-recipe-api-v1-2.0.14+23e8616e32.jar:/home/april/Projects/AppyProx/AppyProx-FabricMod/.gradle/loom-cache/remapped_mods/net_fabricmc_yarn_1_20_4_1_20_4_build_3_v2/net/fabricmc/fabric-api/fabric-registry-sync-v0/4.0.12+9468a19d32/fabric-registry-sync-v0-4.0.12+9468a19d32.jar:/home/april/Projects/AppyProx/AppyProx-FabricMod/.gradle/loom-cache/remapped_mods/net_fabricmc_yarn_1_20_4_1_20_4_build_3_v2/net/fabricmc/fabric-api/fabric-screen-handler-api-v1/1.3.49+9468a19d32/fabric-screen-handler-api-v1-1.3.49+9468a19d32.jar:/home/april/Projects/AppyProx/AppyProx-FabricMod/.gradle/loom-cache/remapped_mods/net_fabricmc_yarn_1_20_4_1_20_4_build_3_v2/net/fabricmc/fabric-api/fabric-containers-v0/0.1.80+df3654b332/fabric-containers-v0-0.1.80+df3654b332.jar:/home/april/Projects/AppyProx/AppyProx-FabricMod/.gradle/loom-cache/remapped_mods/net_fabricmc_yarn_1_20_4_1_20_4_build_3_v2/net/fabricmc/fabric-api/fabric-networking-api-v1/3.1.1+901470e432/fabric-networking-api-v1-3.1.1+901470e432.jar:/home/april/Projects/AppyProx/AppyProx-FabricMod/.gradle/loom-cache/remapped_mods/net_fabricmc_yarn_1_20_4_1_20_4_build_3_v2/net/fabricmc/fabric-api/fabric-object-builder-api-v1/13.0.6+a2e8758a32/fabric-object-builder-api-v1-13.0.6+a2e8758a32.jar:/home/april/Projects/AppyProx/AppyProx-FabricMod/.gradle/loom-cache/remapped_mods/net_fabricmc_yarn_1_20_4_1_20_4_build_3_v2/net/fabricmc/fabric-api/fabric-particles-v1/1.1.5+f4b7e42432/fabric-particles-v1-1.1.5+f4b7e42432.jar:/home/april/Projects/AppyProx/AppyProx-FabricMod/.gradle/loom-cache/remapped_mods/net_fabricmc_yarn_1_20_4_1_20_4_build_3_v2/net/fabricmc/fabric-api/fabric-renderer-indigo/1.5.2+2034447c32/fabric-renderer-indigo-1.5.2+2034447c32.jar:/home/april/Projects/AppyProx/AppyProx-FabricMod/.gradle/loom-cache/remapped_mods/net_fabricmc_yarn_1_20_4_1_20_4_build_3_v2/net/fabricmc/fabric-api/fabric-renderer-api-v1/3.2.2+2034447c32/fabric-renderer-api-v1-3.2.2+2034447c32.jar:/home/april/Projects/AppyProx/AppyProx-FabricMod/.gradle/loom-cache/remapped_mods/net_fabricmc_yarn_1_20_4_1_20_4_build_3_v2/net/fabricmc/fabric-api/fabric-rendering-fluids-v1/3.0.31+f4b7e42432/fabric-rendering-fluids-v1-3.0.31+f4b7e42432.jar:/home/april/Projects/AppyProx/AppyProx-FabricMod/.gradle/loom-cache/remapped_mods/net_fabricmc_yarn_1_20_4_1_20_4_build_3_v2/net/fabricmc/fabric-api/fabric-renderer-registries-v1/3.2.49+df3654b332/fabric-renderer-registries-v1-3.2.49+df3654b332.jar:/home/april/Projects/AppyProx/AppyProx-FabricMod/.gradle/loom-cache/remapped_mods/net_fabricmc_yarn_1_20_4_1_20_4_build_3_v2/net/fabricmc/fabric-api/fabric-rendering-v0/1.1.52+df3654b332/fabric-rendering-v0-1.1.52+df3654b332.jar:/home/april/Projects/AppyProx/AppyProx-FabricMod/.gradle/loom-cache/remapped_mods/net_fabricmc_yarn_1_20_4_1_20_4_build_3_v2/net/fabricmc/fabric-api/fabric-rendering-v1/3.0.11+9468a19d32/fabric-rendering-v1-3.0.11+9468a19d32.jar:/home/april/Projects/AppyProx/AppyProx-FabricMod/.gradle/loom-cache/remapped_mods/net_fabricmc_yarn_1_20_4_1_20_4_build_3_v2/net/fabricmc/fabric-api/fabric-screen-api-v1/2.0.15+f6e85ac232/fabric-screen-api-v1-2.0.15+f6e85ac232.jar:/home/april/Projects/AppyProx/AppyProx-FabricMod/.gradle/loom-cache/remapped_mods/net_fabricmc_yarn_1_20_4_1_20_4_build_3_v2/net/fabricmc/fabric-api/fabric-api-base/0.4.34+f31bf88132/fabric-api-base-0.4.34+f31bf88132.jar:/home/april/Projects/AppyProx/AppyProx-FabricMod/.gradle/loom-cache/remapped_mods/net_fabricmc_yarn_1_20_4_1_20_4_build_3_v2/net/fabricmc/fabric-api/fabric-biome-api-v1/13.0.14+9468a19d32/fabric-biome-api-v1-13.0.14+9468a19d32.jar:/home/april/Projects/AppyProx/AppyProx-FabricMod/.gradle/loom-cache/remapped_mods/net_fabricmc_yarn_1_20_4_1_20_4_build_3_v2/net/fabricmc/fabric-api/fabric-block-api-v1/1.0.13+73761d2e32/fabric-block-api-v1-1.0.13+73761d2e32.jar:/home/april/Projects/AppyProx/AppyProx-FabricMod/.gradle/loom-cache/remapped_mods/net_fabricmc_yarn_1_20_4_1_20_4_build_3_v2/net/fabricmc/fabric-api/fabric-rendering-data-attachment-v1/0.3.40+73761d2e32/fabric-rendering-data-attachment-v1-0.3.40+73761d2e32.jar:/home/april/Projects/AppyProx/AppyProx-FabricMod/.gradle/loom-cache/remapped_mods/net_fabricmc_yarn_1_20_4_1_20_4_build_3_v2/net/fabricmc/fabric-api/fabric-block-view-api-v2/1.0.2+73761d2e32/fabric-block-view-api-v2-1.0.2+73761d2e32.jar:/home/april/Projects/AppyProx/AppyProx-FabricMod/.gradle/loom-cache/remapped_mods/net_fabricmc_yarn_1_20_4_1_20_4_build_3_v2/net/fabricmc/fabric-api/fabric-crash-report-info-v1/0.2.21+f4b7e42432/fabric-crash-report-info-v1-0.2.21+f4b7e42432.jar:/home/april/Projects/AppyProx/AppyProx-FabricMod/.gradle/loom-cache/remapped_mods/net_fabricmc_yarn_1_20_4_1_20_4_build_3_v2/net/fabricmc/fabric-api/fabric-game-rule-api-v1/1.0.44+6f7ba8f232/fabric-game-rule-api-v1-1.0.44+6f7ba8f232.jar:/home/april/Projects/AppyProx/AppyProx-FabricMod/.gradle/loom-cache/remapped_mods/net_fabricmc_yarn_1_20_4_1_20_4_build_3_v2/net/fabricmc/fabric-api/fabric-keybindings-v0/0.2.37+df3654b332/fabric-keybindings-v0-0.2.37+df3654b332.jar:/home/april/Projects/AppyProx/AppyProx-FabricMod/.gradle/loom-cache/remapped_mods/net_fabricmc_yarn_1_20_4_1_20_4_build_3_v2/net/fabricmc/fabric-api/fabric-key-binding-api-v1/1.0.39+f4b7e42432/fabric-key-binding-api-v1-1.0.39+f4b7e42432.jar:/home/april/Projects/AppyProx/AppyProx-FabricMod/.gradle/loom-cache/remapped_mods/net_fabricmc_yarn_1_20_4_1_20_4_build_3_v2/net/fabricmc/fabric-api/fabric-resource-conditions-api-v1/2.3.12+de5c6cca32/fabric-resource-conditions-api-v1-2.3.12+de5c6cca32.jar:/home/april/Projects/AppyProx/AppyProx-FabricMod/.gradle/loom-cache/remapped_mods/net_fabricmc_yarn_1_20_4_1_20_4_build_3_v2/net/fabricmc/fabric-api/fabric-resource-loader-v0/0.11.14+f31bf88132/fabric-resource-loader-v0-0.11.14+f31bf88132.jar:/home/april/Projects/AppyProx/AppyProx-FabricMod/.gradle/loom-cache/remapped_mods/net_fabricmc_yarn_1_20_4_1_20_4_build_3_v2/net/fabricmc/fabric-api/fabric-sound-api-v1/1.0.15+f4b7e42432/fabric-sound-api-v1-1.0.15+f4b7e42432.jar:/home/april/Projects/AppyProx/AppyProx-FabricMod/.gradle/loom-cache/remapped_mods/net_fabricmc_yarn_1_20_4_1_20_4_build_3_v2/net/fabricmc/fabric-api/fabric-transitive-access-wideners-v1/5.0.12+1b2a41bc32/fabric-transitive-access-wideners-v1-5.0.12+1b2a41bc32.jar:/home/april/.gradle/caches/modules-2/files-2.1/com.squareup.okio/okio-jvm/3.6.0/5600569133b7bdefe1daf9ec7f4abeb6d13e1786/okio-jvm-3.6.0.jar:/home/april/.gradle/caches/modules-2/files-2.1/org.jetbrains.kotlin/kotlin-stdlib-jdk8/1.9.10/c7510d64a83411a649c76f2778304ddf71d7437b/kotlin-stdlib-jdk8-1.9.10.jar:/home/april/.gradle/caches/modules-2/files-2.1/org.jline/jline-reader/3.12.1/4382ab1382c7b6f379377ed5f665dc2f6e1218bc/jline-reader-3.12.1.jar:/home/april/.gradle/caches/modules-2/files-2.1/org.jetbrains.kotlin/kotlin-stdlib-jdk7/1.9.10/bc5bfc2690338defd5195b05c57562f2194eeb10/kotlin-stdlib-jdk7-1.9.10.jar:/home/april/.gradle/caches/modules-2/files-2.1/org.jetbrains.kotlin/kotlin-stdlib/1.9.10/72812e8a368917ab5c0a5081b56915ffdfec93b7/kotlin-stdlib-1.9.10.jar:/home/april/.gradle/caches/modules-2/files-2.1/org.jline/jline-terminal/3.12.1/c777448314e050d980a6b697c140f3bfe9eb7416/jline-terminal-3.12.1.jar:/home/april/.gradle/caches/modules-2/files-2.1/org.jetbrains.kotlin/kotlin-stdlib-common/1.9.10/dafaf2c27f27c09220cee312df10917d9a5d97ce/kotlin-stdlib-common-1.9.10.jar:/home/april/.gradle/caches/modules-2/files-2.1/org.jetbrains/annotations/13.0/919f0dfe192fb4e063e7dacadee7f8bb9a2672a9/annotations-13.0.jar)
	at com.sun.jna.NativeLibrary.loadLibrary(NativeLibrary.java:323) ~[jna-5.13.0.jar:5.13.0 (b0)]
	at com.sun.jna.NativeLibrary.getInstance(NativeLibrary.java:483) ~[jna-5.13.0.jar:5.13.0 (b0)]
	at com.sun.jna.NativeLibrary.getInstance(NativeLibrary.java:425) ~[jna-5.13.0.jar:5.13.0 (b0)]
	at com.mojang.text2speech.NarratorLinux$FliteLibrary.loadNative(NarratorLinux.java:67) ~[text2speech-1.17.9.jar:?]
	... 9 more
	Suppressed: java.lang.UnsatisfiedLinkError: libflite.so: cannot open shared object file: No such file or directory
		at com.sun.jna.Native.open(Native Method) ~[jna-5.13.0.jar:5.13.0 (b0)]
		at com.sun.jna.NativeLibrary.loadLibrary(NativeLibrary.java:211) ~[jna-5.13.0.jar:5.13.0 (b0)]
		at com.sun.jna.NativeLibrary.getInstance(NativeLibrary.java:483) ~[jna-5.13.0.jar:5.13.0 (b0)]
		at com.sun.jna.NativeLibrary.getInstance(NativeLibrary.java:425) ~[jna-5.13.0.jar:5.13.0 (b0)]
		at com.mojang.text2speech.NarratorLinux$FliteLibrary.loadNative(NarratorLinux.java:67) ~[text2speech-1.17.9.jar:?]
		at com.mojang.text2speech.NarratorLinux.<init>(NarratorLinux.java:18) ~[text2speech-1.17.9.jar:?]
		at com.mojang.text2speech.Narrator.getNarrator(Narrator.java:41) ~[text2speech-1.17.9.jar:?]
		at net.minecraft.client.util.NarratorManager.<init>(NarratorManager.java:19) ~[minecraft-merged-project-root-1.20.4-net.fabricmc.yarn.1_20_4.1.20.4+build.3-v2.jar:?]
		at net.minecraft.client.MinecraftClient.<init>(MinecraftClient.java:684) ~[minecraft-merged-project-root-1.20.4-net.fabricmc.yarn.1_20_4.1.20.4+build.3-v2.jar:?]
		at net.minecraft.client.main.Main.main(Main.java:223) ~[minecraft-merged-project-root-1.20.4-net.fabricmc.yarn.1_20_4.1.20.4+build.3-v2.jar:?]
		at net.fabricmc.loader.impl.game.minecraft.MinecraftGameProvider.launch(MinecraftGameProvider.java:470) ~[fabric-loader-0.15.1.jar:?]
		at net.fabricmc.loader.impl.launch.knot.Knot.launch(Knot.java:74) ~[fabric-loader-0.15.1.jar:?]
		at net.fabricmc.loader.impl.launch.knot.KnotClient.main(KnotClient.java:23) ~[fabric-loader-0.15.1.jar:?]
		at net.fabricmc.devlaunchinjector.Main.main(Main.java:86) ~[dev-launch-injector-0.2.1+build.8.jar:?]
	Suppressed: java.lang.UnsatisfiedLinkError: libflite.so: cannot open shared object file: No such file or directory
		at com.sun.jna.Native.open(Native Method) ~[jna-5.13.0.jar:5.13.0 (b0)]
		at com.sun.jna.NativeLibrary.loadLibrary(NativeLibrary.java:224) ~[jna-5.13.0.jar:5.13.0 (b0)]
		at com.sun.jna.NativeLibrary.getInstance(NativeLibrary.java:483) ~[jna-5.13.0.jar:5.13.0 (b0)]
		at com.sun.jna.NativeLibrary.getInstance(NativeLibrary.java:425) ~[jna-5.13.0.jar:5.13.0 (b0)]
		at com.mojang.text2speech.NarratorLinux$FliteLibrary.loadNative(NarratorLinux.java:67) ~[text2speech-1.17.9.jar:?]
		at com.mojang.text2speech.NarratorLinux.<init>(NarratorLinux.java:18) ~[text2speech-1.17.9.jar:?]
		at com.mojang.text2speech.Narrator.getNarrator(Narrator.java:41) ~[text2speech-1.17.9.jar:?]
		at net.minecraft.client.util.NarratorManager.<init>(NarratorManager.java:19) ~[minecraft-merged-project-root-1.20.4-net.fabricmc.yarn.1_20_4.1.20.4+build.3-v2.jar:?]
		at net.minecraft.client.MinecraftClient.<init>(MinecraftClient.java:684) ~[minecraft-merged-project-root-1.20.4-net.fabricmc.yarn.1_20_4.1.20.4+build.3-v2.jar:?]
		at net.minecraft.client.main.Main.main(Main.java:223) ~[minecraft-merged-project-root-1.20.4-net.fabricmc.yarn.1_20_4.1.20.4+build.3-v2.jar:?]
		at net.fabricmc.loader.impl.game.minecraft.MinecraftGameProvider.launch(MinecraftGameProvider.java:470) ~[fabric-loader-0.15.1.jar:?]
		at net.fabricmc.loader.impl.launch.knot.Knot.launch(Knot.java:74) ~[fabric-loader-0.15.1.jar:?]
		at net.fabricmc.loader.impl.launch.knot.KnotClient.main(KnotClient.java:23) ~[fabric-loader-0.15.1.jar:?]
		at net.fabricmc.devlaunchinjector.Main.main(Main.java:86) ~[dev-launch-injector-0.2.1+build.8.jar:?]
	Suppressed: java.io.IOException: Native library (linux-x86-64/libflite.so) not found in resource path (/home/april/Projects/AppyProx/AppyProx-FabricMod/build/classes/java/main:/home/april/Projects/AppyProx/AppyProx-FabricMod/build/resources/main:/home/april/.gradle/caches/fabric-loom/1.20.4/net.fabricmc.yarn.1_20_4.1.20.4+build.3-v2/mappings.jar:/home/april/.gradle/caches/modules-2/files-2.1/com.squareup.okhttp3/okhttp/4.12.0/2f4525d4a200e97e1b87449c2cd9bd2e25b7e8cd/okhttp-4.12.0.jar:/home/april/.gradle/caches/modules-2/files-2.1/com.google.code.gson/gson/2.10.1/b3add478d4382b78ea20b1671390a858002feb6c/gson-2.10.1.jar:/home/april/.gradle/caches/modules-2/files-2.1/org.ow2.asm/asm/9.6/aa205cf0a06dbd8e04ece91c0b37c3f5d567546a/asm-9.6.jar:/home/april/.gradle/caches/modules-2/files-2.1/org.ow2.asm/asm-analysis/9.6/9ce6c7b174bd997fc2552dff47964546bd7a5ec3/asm-analysis-9.6.jar:/home/april/.gradle/caches/modules-2/files-2.1/org.ow2.asm/asm-commons/9.6/f1a9e5508eff490744144565c47326c8648be309/asm-commons-9.6.jar:/home/april/.gradle/caches/modules-2/files-2.1/org.ow2.asm/asm-tree/9.6/c0cdda9d211e965d2a4448aa3fd86110f2f8c2de/asm-tree-9.6.jar:/home/april/.gradle/caches/modules-2/files-2.1/org.ow2.asm/asm-util/9.6/f77caf84eb93786a749b2baa40865b9613e3eaee/asm-util-9.6.jar:/home/april/.gradle/caches/modules-2/files-2.1/net.fabricmc/sponge-mixin/0.12.5+mixin.0.8.5/8d31fb97c3e0cd7c8dad3441851c523bcfae6d8e/sponge-mixin-0.12.5+mixin.0.8.5.jar:/home/april/.gradle/caches/modules-2/files-2.1/net.fabricmc/dev-launch-injector/0.2.1+build.8/da8bef7e6e2f952da707f282bdb46882a0fce5e3/dev-launch-injector-0.2.1+build.8.jar:/home/april/.gradle/caches/modules-2/files-2.1/net.minecrell/terminalconsoleappender/1.2.0/96d02cd3b384ff015a8fef4223bcb4ccf1717c95/terminalconsoleappender-1.2.0.jar:/home/april/.gradle/caches/modules-2/files-2.1/com.github.oshi/oshi-core/6.4.5/943ba26de047eb6b28fff47f5ee939a34eb5fc8e/oshi-core-6.4.5.jar:/home/april/.gradle/caches/modules-2/files-2.1/com.google.guava/failureaccess/1.0.1/1dcf1de382a0bf95a3d8b0849546c88bac1292c9/failureaccess-1.0.1.jar:/home/april/.gradle/caches/modules-2/files-2.1/com.google.guava/guava/32.1.2-jre/5e64ec7e056456bef3a4bc4c6fdaef71e8ab6318/guava-32.1.2-jre.jar:/home/april/.gradle/caches/modules-2/files-2.1/com.ibm.icu/icu4j/73.2/61ad4ef7f9131fcf6d25c34b817f90d6da06c9e9/icu4j-73.2.jar:/home/april/.gradle/caches/modules-2/files-2.1/com.mojang/authlib/6.0.52/65085e2eb921c4a3ebdde3d248637f1776e6d80d/authlib-6.0.52.jar:/home/april/.gradle/caches/modules-2/files-2.1/com.mojang/blocklist/1.0.10/5c685c5ffa94c4cd39496c7184c1d122e515ecef/blocklist-1.0.10.jar:/home/april/.gradle/caches/modules-2/files-2.1/com.mojang/brigadier/1.2.9/73e324f2ee541493a5179abf367237faa782ed21/brigadier-1.2.9.jar:/home/april/.gradle/caches/modules-2/files-2.1/com.mojang/datafixerupper/6.0.8/3ba4a30557a9b057760af4011f909ba619fc5125/datafixerupper-6.0.8.jar:/home/april/.gradle/caches/modules-2/files-2.1/com.mojang/logging/1.1.1/832b8e6674a9b325a5175a3a6267dfaf34c85139/logging-1.1.1.jar:/home/april/.gradle/caches/modules-2/files-2.1/com.mojang/patchy/2.2.10/da05971b07cbb379d002cf7eaec6a2048211fefc/patchy-2.2.10.jar:/home/april/.gradle/caches/modules-2/files-2.1/com.mojang/text2speech/1.17.9/3cad216e3a7f0c19b4b394388bc9ffc446f13b14/text2speech-1.17.9.jar:/home/april/.gradle/caches/modules-2/files-2.1/commons-codec/commons-codec/1.16.0/4e3eb3d79888d76b54e28b350915b5dc3919c9de/commons-codec-1.16.0.jar:/home/april/.gradle/caches/modules-2/files-2.1/commons-io/commons-io/2.13.0/8bb2bc9b4df17e2411533a0708a69f983bf5e83b/commons-io-2.13.0.jar:/home/april/.gradle/caches/modules-2/files-2.1/commons-logging/commons-logging/1.2/4bfc12adfe4842bf07b657f0369c4cb522955686/commons-logging-1.2.jar:/home/april/.gradle/caches/modules-2/files-2.1/io.netty/netty-buffer/4.1.97.Final/f8f3d8644afa5e6e1a40a3a6aeb9d9aa970ecb4f/netty-buffer-4.1.97.Final.jar:/home/april/.gradle/caches/modules-2/files-2.1/io.netty/netty-codec/4.1.97.Final/384ba4d75670befbedb45c4d3b497a93639c206d/netty-codec-4.1.97.Final.jar:/home/april/.gradle/caches/modules-2/files-2.1/io.netty/netty-common/4.1.97.Final/7cceacaf11df8dc63f23d0fb58e9d4640fc88404/netty-common-4.1.97.Final.jar:/home/april/.gradle/caches/modules-2/files-2.1/io.netty/netty-handler/4.1.97.Final/abb86c6906bf512bf2b797a41cd7d2e8d3cd7c36/netty-handler-4.1.97.Final.jar:/home/april/.gradle/caches/modules-2/files-2.1/io.netty/netty-resolver/4.1.97.Final/cec8348108dc76c47cf87c669d514be52c922144/netty-resolver-4.1.97.Final.jar:/home/april/.gradle/caches/modules-2/files-2.1/io.netty/netty-transport-classes-epoll/4.1.97.Final/795da37ded759e862457a82d9d92c4d39ce8ecee/netty-transport-classes-epoll-4.1.97.Final.jar:/home/april/.gradle/caches/modules-2/files-2.1/io.netty/netty-transport-native-epoll/4.1.97.Final/5514744c588190ffda076b35a9b8c9f24946a960/netty-transport-native-epoll-4.1.97.Final-linux-aarch_64.jar:/home/april/.gradle/caches/modules-2/files-2.1/io.netty/netty-transport-native-epoll/4.1.97.Final/54188f271e388e7f313aea995e82f58ce2cdb809/netty-transport-native-epoll-4.1.97.Final-linux-x86_64.jar:/home/april/.gradle/caches/modules-2/files-2.1/io.netty/netty-transport-native-unix-common/4.1.97.Final/d469d84265ab70095b01b40886cabdd433b6e664/netty-transport-native-unix-common-4.1.97.Final.jar:/home/april/.gradle/caches/modules-2/files-2.1/io.netty/netty-transport/4.1.97.Final/f37380d23c9bb079bc702910833b2fd532c9abd0/netty-transport-4.1.97.Final.jar:/home/april/.gradle/caches/modules-2/files-2.1/it.unimi.dsi/fastutil/8.5.12/c24946d46824bd528054bface3231d2ecb7e95e8/fastutil-8.5.12.jar:/home/april/.gradle/caches/modules-2/files-2.1/net.java.dev.jna/jna-platform/5.13.0/88e9a306715e9379f3122415ef4ae759a352640d/jna-platform-5.13.0.jar:/home/april/.gradle/caches/modules-2/files-2.1/net.java.dev.jna/jna/5.13.0/1200e7ebeedbe0d10062093f32925a912020e747/jna-5.13.0.jar:/home/april/.gradle/caches/modules-2/files-2.1/net.sf.jopt-simple/jopt-simple/5.0.4/4fdac2fbe92dfad86aa6e9301736f6b4342a3f5c/jopt-simple-5.0.4.jar:/home/april/.gradle/caches/modules-2/files-2.1/org.apache.commons/commons-compress/1.22/691a8b4e6cf4248c3bc72c8b719337d5cb7359fa/commons-compress-1.22.jar:/home/april/.gradle/caches/modules-2/files-2.1/org.apache.commons/commons-lang3/3.13.0/b7263237aa89c1f99b327197c41d0669707a462e/commons-lang3-3.13.0.jar:/home/april/.gradle/caches/modules-2/files-2.1/org.apache.httpcomponents/httpclient/4.5.13/e5f6cae5ca7ecaac1ec2827a9e2d65ae2869cada/httpclient-4.5.13.jar:/home/april/.gradle/caches/modules-2/files-2.1/org.apache.httpcomponents/httpcore/4.4.16/51cf043c87253c9f58b539c9f7e44c8894223850/httpcore-4.4.16.jar:/home/april/.gradle/caches/modules-2/files-2.1/org.apache.logging.log4j/log4j-core/2.19.0/3b6eeb4de4c49c0fe38a4ee27188ff5fee44d0bb/log4j-core-2.19.0.jar:/home/april/.gradle/caches/modules-2/files-2.1/org.apache.logging.log4j/log4j-api/2.19.0/ea1b37f38c327596b216542bc636cfdc0b8036fa/log4j-api-2.19.0.jar:/home/april/.gradle/caches/modules-2/files-2.1/org.apache.logging.log4j/log4j-slf4j2-impl/2.19.0/5c04bfdd63ce9dceb2e284b81e96b6a70010ee10/log4j-slf4j2-impl-2.19.0.jar:/home/april/.gradle/caches/modules-2/files-2.1/org.joml/joml/1.10.5/22566d58af70ad3d72308bab63b8339906deb649/joml-1.10.5.jar:/home/april/.gradle/caches/modules-2/files-2.1/org.lwjgl/lwjgl-glfw/3.3.2/757920418805fb90bfebb3d46b1d9e7669fca2eb/lwjgl-glfw-3.3.2.jar:/home/april/.gradle/caches/modules-2/files-2.1/org.lwjgl/lwjgl-glfw/3.3.2/766bb0e8e829598b1c8052fd8173c62af741c52/lwjgl-glfw-3.3.2-natives-linux.jar:/home/april/.gradle/caches/modules-2/files-2.1/org.lwjgl/lwjgl-jemalloc/3.3.2/877e17e39ebcd58a9c956dc3b5b777813de0873a/lwjgl-jemalloc-3.3.2.jar:/home/april/.gradle/caches/modules-2/files-2.1/org.lwjgl/lwjgl-jemalloc/3.3.2/2bc33176cdfabf34a63df154b80914e8f433316b/lwjgl-jemalloc-3.3.2-natives-linux.jar:/home/april/.gradle/caches/modules-2/files-2.1/org.lwjgl/lwjgl-openal/3.3.2/ae5357ed6d934546d3533993ea84c0cfb75eed95/lwjgl-openal-3.3.2.jar:/home/april/.gradle/caches/modules-2/files-2.1/org.lwjgl/lwjgl-openal/3.3.2/650981780b8bbfb3ce43657b22ec8e77bfb1f37a/lwjgl-openal-3.3.2-natives-linux.jar:/home/april/.gradle/caches/modules-2/files-2.1/org.lwjgl/lwjgl-opengl/3.3.2/ee8e95be0b438602038bc1f02dc5e3d011b1b216/lwjgl-opengl-3.3.2.jar:/home/april/.gradle/caches/modules-2/files-2.1/org.lwjgl/lwjgl-opengl/3.3.2/b8368430ef0d91a5acbc6fbfa47b20c3ec083aec/lwjgl-opengl-3.3.2-natives-linux.jar:/home/april/.gradle/caches/modules-2/files-2.1/org.lwjgl/lwjgl-stb/3.3.2/a2550795014d622b686e9caac50b14baa87d2c70/lwjgl-stb-3.3.2.jar:/home/april/.gradle/caches/modules-2/files-2.1/org.lwjgl/lwjgl-stb/3.3.2/5c987f43b342d722b54970159040af76f1c87403/lwjgl-stb-3.3.2-natives-linux.jar:/home/april/.gradle/caches/modules-2/files-2.1/org.lwjgl/lwjgl-tinyfd/3.3.2/9f65c248dd77934105274fcf8351abb75b34327c/lwjgl-tinyfd-3.3.2.jar:/home/april/.gradle/caches/modules-2/files-2.1/org.lwjgl/lwjgl-tinyfd/3.3.2/5d27fc67172b3fcd8400d61a7cfb75da881f609/lwjgl-tinyfd-3.3.2-natives-linux.jar:/home/april/.gradle/caches/modules-2/files-2.1/org.lwjgl/lwjgl/3.3.2/4421d94af68e35dcaa31737a6fc59136a1e61b94/lwjgl-3.3.2.jar:/home/april/.gradle/caches/modules-2/files-2.1/org.lwjgl/lwjgl/3.3.2/767684973f259d97e7dc66a125eb153986f177e7/lwjgl-3.3.2-natives-linux.jar:/home/april/.gradle/caches/modules-2/files-2.1/org.slf4j/slf4j-api/2.0.7/41eb7184ea9d556f23e18b5cb99cad1f8581fc00/slf4j-api-2.0.7.jar:/home/april/Projects/AppyProx/AppyProx-FabricMod/.gradle/loom-cache/minecraftMaven/net/minecraft/minecraft-merged-project-root/1.20.4-net.fabricmc.yarn.1_20_4.1.20.4+build.3-v2/minecraft-merged-project-root-1.20.4-net.fabricmc.yarn.1_20_4.1.20.4+build.3-v2.jar:/home/april/.gradle/caches/modules-2/files-2.1/net.fabricmc/fabric-loader/0.15.1/b5e44adc848d1c3709194b01f97629de145c8a65/fabric-loader-0.15.1.jar:/home/april/Projects/AppyProx/AppyProx-FabricMod/.gradle/loom-cache/remapped_mods/net_fabricmc_yarn_1_20_4_1_20_4_build_3_v2/com/terraformersmc/modmenu/8.0.0/modmenu-8.0.0.jar:/home/april/Projects/AppyProx/AppyProx-FabricMod/.gradle/loom-cache/remapped_mods/net_fabricmc_yarn_1_20_4_1_20_4_build_3_v2/net/fabricmc/fabric-api/fabric-api/0.91.1+1.20.4/fabric-api-0.91.1+1.20.4.jar:/home/april/Projects/AppyProx/AppyProx-FabricMod/.gradle/loom-cache/remapped_mods/net_fabricmc_yarn_1_20_4_1_20_4_build_3_v2/net/fabricmc/fabric-api/fabric-transfer-api-v1/4.0.5+aaf9c96932/fabric-transfer-api-v1-4.0.5+aaf9c96932.jar:/home/april/Projects/AppyProx/AppyProx-FabricMod/.gradle/loom-cache/remapped_mods/net_fabricmc_yarn_1_20_4_1_20_4_build_3_v2/net/fabricmc/fabric-api/fabric-api-lookup-api-v1/1.6.44+9468a19d32/fabric-api-lookup-api-v1-1.6.44+9468a19d32.jar:/home/april/Projects/AppyProx/AppyProx-FabricMod/.gradle/loom-cache/remapped_mods/net_fabricmc_yarn_1_20_4_1_20_4_build_3_v2/net/fabricmc/fabric-api/fabric-blockrenderlayer-v1/1.1.44+f4b7e42432/fabric-blockrenderlayer-v1-1.1.44+f4b7e42432.jar:/home/april/Projects/AppyProx/AppyProx-FabricMod/.gradle/loom-cache/remapped_mods/net_fabricmc_yarn_1_20_4_1_20_4_build_3_v2/net/fabricmc/fabric-api/fabric-client-tags-api-v1/1.1.5+86b1264532/fabric-client-tags-api-v1-1.1.5+86b1264532.jar:/home/april/Projects/AppyProx/AppyProx-FabricMod/.gradle/loom-cache/remapped_mods/net_fabricmc_yarn_1_20_4_1_20_4_build_3_v2/net/fabricmc/fabric-api/fabric-command-api-v1/1.2.39+f71b366f32/fabric-command-api-v1-1.2.39+f71b366f32.jar:/home/april/Projects/AppyProx/AppyProx-FabricMod/.gradle/loom-cache/remapped_mods/net_fabricmc_yarn_1_20_4_1_20_4_build_3_v2/net/fabricmc/fabric-api/fabric-commands-v0/0.2.56+df3654b332/fabric-commands-v0-0.2.56+df3654b332.jar:/home/april/Projects/AppyProx/AppyProx-FabricMod/.gradle/loom-cache/remapped_mods/net_fabricmc_yarn_1_20_4_1_20_4_build_3_v2/net/fabricmc/fabric-api/fabric-command-api-v2/2.2.18+23e8616e32/fabric-command-api-v2-2.2.18+23e8616e32.jar:/home/april/Projects/AppyProx/AppyProx-FabricMod/.gradle/loom-cache/remapped_mods/net_fabricmc_yarn_1_20_4_1_20_4_build_3_v2/net/fabricmc/fabric-api/fabric-content-registries-v0/5.0.8+9468a19d32/fabric-content-registries-v0-5.0.8+9468a19d32.jar:/home/april/Projects/AppyProx/AppyProx-FabricMod/.gradle/loom-cache/remapped_mods/net_fabricmc_yarn_1_20_4_1_20_4_build_3_v2/net/fabricmc/fabric-api/fabric-convention-tags-v1/1.5.8+9468a19d32/fabric-convention-tags-v1-1.5.8+9468a19d32.jar:/home/april/Projects/AppyProx/AppyProx-FabricMod/.gradle/loom-cache/remapped_mods/net_fabricmc_yarn_1_20_4_1_20_4_build_3_v2/net/fabricmc/fabric-api/fabric-data-generation-api-v1/13.1.16+1b2a41bc32/fabric-data-generation-api-v1-13.1.16+1b2a41bc32.jar:/home/april/Projects/AppyProx/AppyProx-FabricMod/.gradle/loom-cache/remapped_mods/net_fabricmc_yarn_1_20_4_1_20_4_build_3_v2/net/fabricmc/fabric-api/fabric-dimensions-v1/2.1.59+a2e8758a32/fabric-dimensions-v1-2.1.59+a2e8758a32.jar:/home/april/Projects/AppyProx/AppyProx-FabricMod/.gradle/loom-cache/remapped_mods/net_fabricmc_yarn_1_20_4_1_20_4_build_3_v2/net/fabricmc/fabric-api/fabric-entity-events-v1/1.5.26+9468a19d32/fabric-entity-events-v1-1.5.26+9468a19d32.jar:/home/april/Projects/AppyProx/AppyProx-FabricMod/.gradle/loom-cache/remapped_mods/net_fabricmc_yarn_1_20_4_1_20_4_build_3_v2/net/fabricmc/fabric-api/fabric-events-interaction-v0/0.6.13+9468a19d32/fabric-events-interaction-v0-0.6.13+9468a19d32.jar:/home/april/Projects/AppyProx/AppyProx-FabricMod/.gradle/loom-cache/remapped_mods/net_fabricmc_yarn_1_20_4_1_20_4_build_3_v2/net/fabricmc/fabric-api/fabric-gametest-api-v1/1.2.18+9468a19d32/fabric-gametest-api-v1-1.2.18+9468a19d32.jar:/home/april/Projects/AppyProx/AppyProx-FabricMod/.gradle/loom-cache/remapped_mods/net_fabricmc_yarn_1_20_4_1_20_4_build_3_v2/net/fabricmc/fabric-api/fabric-events-lifecycle-v0/0.2.70+df3654b332/fabric-events-lifecycle-v0-0.2.70+df3654b332.jar:/home/april/Projects/AppyProx/AppyProx-FabricMod/.gradle/loom-cache/remapped_mods/net_fabricmc_yarn_1_20_4_1_20_4_build_3_v2/net/fabricmc/fabric-api/fabric-item-api-v1/2.1.33+9468a19d32/fabric-item-api-v1-2.1.33+9468a19d32.jar:/home/april/Projects/AppyProx/AppyProx-FabricMod/.gradle/loom-cache/remapped_mods/net_fabricmc_yarn_1_20_4_1_20_4_build_3_v2/net/fabricmc/fabric-api/fabric-item-group-api-v1/4.0.19+f6e85ac232/fabric-item-group-api-v1-4.0.19+f6e85ac232.jar:/home/april/Projects/AppyProx/AppyProx-FabricMod/.gradle/loom-cache/remapped_mods/net_fabricmc_yarn_1_20_4_1_20_4_build_3_v2/net/fabricmc/fabric-api/fabric-mining-level-api-v1/2.1.58+f4b7e42432/fabric-mining-level-api-v1-2.1.58+f4b7e42432.jar:/home/april/Projects/AppyProx/AppyProx-FabricMod/.gradle/loom-cache/remapped_mods/net_fabricmc_yarn_1_20_4_1_20_4_build_3_v2/net/fabricmc/fabric-api/fabric-lifecycle-events-v1/2.2.28+9468a19d32/fabric-lifecycle-events-v1-2.2.28+9468a19d32.jar:/home/april/Projects/AppyProx/AppyProx-FabricMod/.gradle/loom-cache/remapped_mods/net_fabricmc_yarn_1_20_4_1_20_4_build_3_v2/net/fabricmc/fabric-api/fabric-loot-api-v2/2.1.3+6f9f09e032/fabric-loot-api-v2-2.1.3+6f9f09e032.jar:/home/april/Projects/AppyProx/AppyProx-FabricMod/.gradle/loom-cache/remapped_mods/net_fabricmc_yarn_1_20_4_1_20_4_build_3_v2/net/fabricmc/fabric-api/fabric-message-api-v1/6.0.3+ebb1549632/fabric-message-api-v1-6.0.3+ebb1549632.jar:/home/april/Projects/AppyProx/AppyProx-FabricMod/.gradle/loom-cache/remapped_mods/net_fabricmc_yarn_1_20_4_1_20_4_build_3_v2/net/fabricmc/fabric-api/fabric-models-v0/0.4.5+9386d8a732/fabric-models-v0-0.4.5+9386d8a732.jar:/home/april/Projects/AppyProx/AppyProx-FabricMod/.gradle/loom-cache/remapped_mods/net_fabricmc_yarn_1_20_4_1_20_4_build_3_v2/net/fabricmc/fabric-api/fabric-model-loading-api-v1/1.0.6+9468a19d32/fabric-model-loading-api-v1-1.0.6+9468a19d32.jar:/home/april/Projects/AppyProx/AppyProx-FabricMod/.gradle/loom-cache/remapped_mods/net_fabricmc_yarn_1_20_4_1_20_4_build_3_v2/net/fabricmc/fabric-api/fabric-recipe-api-v1/2.0.14+23e8616e32/fabric-recipe-api-v1-2.0.14+23e8616e32.jar:/home/april/Projects/AppyProx/AppyProx-FabricMod/.gradle/loom-cache/remapped_mods/net_fabricmc_yarn_1_20_4_1_20_4_build_3_v2/net/fabricmc/fabric-api/fabric-registry-sync-v0/4.0.12+9468a19d32/fabric-registry-sync-v0-4.0.12+9468a19d32.jar:/home/april/Projects/AppyProx/AppyProx-FabricMod/.gradle/loom-cache/remapped_mods/net_fabricmc_yarn_1_20_4_1_20_4_build_3_v2/net/fabricmc/fabric-api/fabric-screen-handler-api-v1/1.3.49+9468a19d32/fabric-screen-handler-api-v1-1.3.49+9468a19d32.jar:/home/april/Projects/AppyProx/AppyProx-FabricMod/.gradle/loom-cache/remapped_mods/net_fabricmc_yarn_1_20_4_1_20_4_build_3_v2/net/fabricmc/fabric-api/fabric-containers-v0/0.1.80+df3654b332/fabric-containers-v0-0.1.80+df3654b332.jar:/home/april/Projects/AppyProx/AppyProx-FabricMod/.gradle/loom-cache/remapped_mods/net_fabricmc_yarn_1_20_4_1_20_4_build_3_v2/net/fabricmc/fabric-api/fabric-networking-api-v1/3.1.1+901470e432/fabric-networking-api-v1-3.1.1+901470e432.jar:/home/april/Projects/AppyProx/AppyProx-FabricMod/.gradle/loom-cache/remapped_mods/net_fabricmc_yarn_1_20_4_1_20_4_build_3_v2/net/fabricmc/fabric-api/fabric-object-builder-api-v1/13.0.6+a2e8758a32/fabric-object-builder-api-v1-13.0.6+a2e8758a32.jar:/home/april/Projects/AppyProx/AppyProx-FabricMod/.gradle/loom-cache/remapped_mods/net_fabricmc_yarn_1_20_4_1_20_4_build_3_v2/net/fabricmc/fabric-api/fabric-particles-v1/1.1.5+f4b7e42432/fabric-particles-v1-1.1.5+f4b7e42432.jar:/home/april/Projects/AppyProx/AppyProx-FabricMod/.gradle/loom-cache/remapped_mods/net_fabricmc_yarn_1_20_4_1_20_4_build_3_v2/net/fabricmc/fabric-api/fabric-renderer-indigo/1.5.2+2034447c32/fabric-renderer-indigo-1.5.2+2034447c32.jar:/home/april/Projects/AppyProx/AppyProx-FabricMod/.gradle/loom-cache/remapped_mods/net_fabricmc_yarn_1_20_4_1_20_4_build_3_v2/net/fabricmc/fabric-api/fabric-renderer-api-v1/3.2.2+2034447c32/fabric-renderer-api-v1-3.2.2+2034447c32.jar:/home/april/Projects/AppyProx/AppyProx-FabricMod/.gradle/loom-cache/remapped_mods/net_fabricmc_yarn_1_20_4_1_20_4_build_3_v2/net/fabricmc/fabric-api/fabric-rendering-fluids-v1/3.0.31+f4b7e42432/fabric-rendering-fluids-v1-3.0.31+f4b7e42432.jar:/home/april/Projects/AppyProx/AppyProx-FabricMod/.gradle/loom-cache/remapped_mods/net_fabricmc_yarn_1_20_4_1_20_4_build_3_v2/net/fabricmc/fabric-api/fabric-renderer-registries-v1/3.2.49+df3654b332/fabric-renderer-registries-v1-3.2.49+df3654b332.jar:/home/april/Projects/AppyProx/AppyProx-FabricMod/.gradle/loom-cache/remapped_mods/net_fabricmc_yarn_1_20_4_1_20_4_build_3_v2/net/fabricmc/fabric-api/fabric-rendering-v0/1.1.52+df3654b332/fabric-rendering-v0-1.1.52+df3654b332.jar:/home/april/Projects/AppyProx/AppyProx-FabricMod/.gradle/loom-cache/remapped_mods/net_fabricmc_yarn_1_20_4_1_20_4_build_3_v2/net/fabricmc/fabric-api/fabric-rendering-v1/3.0.11+9468a19d32/fabric-rendering-v1-3.0.11+9468a19d32.jar:/home/april/Projects/AppyProx/AppyProx-FabricMod/.gradle/loom-cache/remapped_mods/net_fabricmc_yarn_1_20_4_1_20_4_build_3_v2/net/fabricmc/fabric-api/fabric-screen-api-v1/2.0.15+f6e85ac232/fabric-screen-api-v1-2.0.15+f6e85ac232.jar:/home/april/Projects/AppyProx/AppyProx-FabricMod/.gradle/loom-cache/remapped_mods/net_fabricmc_yarn_1_20_4_1_20_4_build_3_v2/net/fabricmc/fabric-api/fabric-api-base/0.4.34+f31bf88132/fabric-api-base-0.4.34+f31bf88132.jar:/home/april/Projects/AppyProx/AppyProx-FabricMod/.gradle/loom-cache/remapped_mods/net_fabricmc_yarn_1_20_4_1_20_4_build_3_v2/net/fabricmc/fabric-api/fabric-biome-api-v1/13.0.14+9468a19d32/fabric-biome-api-v1-13.0.14+9468a19d32.jar:/home/april/Projects/AppyProx/AppyProx-FabricMod/.gradle/loom-cache/remapped_mods/net_fabricmc_yarn_1_20_4_1_20_4_build_3_v2/net/fabricmc/fabric-api/fabric-block-api-v1/1.0.13+73761d2e32/fabric-block-api-v1-1.0.13+73761d2e32.jar:/home/april/Projects/AppyProx/AppyProx-FabricMod/.gradle/loom-cache/remapped_mods/net_fabricmc_yarn_1_20_4_1_20_4_build_3_v2/net/fabricmc/fabric-api/fabric-rendering-data-attachment-v1/0.3.40+73761d2e32/fabric-rendering-data-attachment-v1-0.3.40+73761d2e32.jar:/home/april/Projects/AppyProx/AppyProx-FabricMod/.gradle/loom-cache/remapped_mods/net_fabricmc_yarn_1_20_4_1_20_4_build_3_v2/net/fabricmc/fabric-api/fabric-block-view-api-v2/1.0.2+73761d2e32/fabric-block-view-api-v2-1.0.2+73761d2e32.jar:/home/april/Projects/AppyProx/AppyProx-FabricMod/.gradle/loom-cache/remapped_mods/net_fabricmc_yarn_1_20_4_1_20_4_build_3_v2/net/fabricmc/fabric-api/fabric-crash-report-info-v1/0.2.21+f4b7e42432/fabric-crash-report-info-v1-0.2.21+f4b7e42432.jar:/home/april/Projects/AppyProx/AppyProx-FabricMod/.gradle/loom-cache/remapped_mods/net_fabricmc_yarn_1_20_4_1_20_4_build_3_v2/net/fabricmc/fabric-api/fabric-game-rule-api-v1/1.0.44+6f7ba8f232/fabric-game-rule-api-v1-1.0.44+6f7ba8f232.jar:/home/april/Projects/AppyProx/AppyProx-FabricMod/.gradle/loom-cache/remapped_mods/net_fabricmc_yarn_1_20_4_1_20_4_build_3_v2/net/fabricmc/fabric-api/fabric-keybindings-v0/0.2.37+df3654b332/fabric-keybindings-v0-0.2.37+df3654b332.jar:/home/april/Projects/AppyProx/AppyProx-FabricMod/.gradle/loom-cache/remapped_mods/net_fabricmc_yarn_1_20_4_1_20_4_build_3_v2/net/fabricmc/fabric-api/fabric-key-binding-api-v1/1.0.39+f4b7e42432/fabric-key-binding-api-v1-1.0.39+f4b7e42432.jar:/home/april/Projects/AppyProx/AppyProx-FabricMod/.gradle/loom-cache/remapped_mods/net_fabricmc_yarn_1_20_4_1_20_4_build_3_v2/net/fabricmc/fabric-api/fabric-resource-conditions-api-v1/2.3.12+de5c6cca32/fabric-resource-conditions-api-v1-2.3.12+de5c6cca32.jar:/home/april/Projects/AppyProx/AppyProx-FabricMod/.gradle/loom-cache/remapped_mods/net_fabricmc_yarn_1_20_4_1_20_4_build_3_v2/net/fabricmc/fabric-api/fabric-resource-loader-v0/0.11.14+f31bf88132/fabric-resource-loader-v0-0.11.14+f31bf88132.jar:/home/april/Projects/AppyProx/AppyProx-FabricMod/.gradle/loom-cache/remapped_mods/net_fabricmc_yarn_1_20_4_1_20_4_build_3_v2/net/fabricmc/fabric-api/fabric-sound-api-v1/1.0.15+f4b7e42432/fabric-sound-api-v1-1.0.15+f4b7e42432.jar:/home/april/Projects/AppyProx/AppyProx-FabricMod/.gradle/loom-cache/remapped_mods/net_fabricmc_yarn_1_20_4_1_20_4_build_3_v2/net/fabricmc/fabric-api/fabric-transitive-access-wideners-v1/5.0.12+1b2a41bc32/fabric-transitive-access-wideners-v1-5.0.12+1b2a41bc32.jar:/home/april/.gradle/caches/modules-2/files-2.1/com.squareup.okio/okio-jvm/3.6.0/5600569133b7bdefe1daf9ec7f4abeb6d13e1786/okio-jvm-3.6.0.jar:/home/april/.gradle/caches/modules-2/files-2.1/org.jetbrains.kotlin/kotlin-stdlib-jdk8/1.9.10/c7510d64a83411a649c76f2778304ddf71d7437b/kotlin-stdlib-jdk8-1.9.10.jar:/home/april/.gradle/caches/modules-2/files-2.1/org.jline/jline-reader/3.12.1/4382ab1382c7b6f379377ed5f665dc2f6e1218bc/jline-reader-3.12.1.jar:/home/april/.gradle/caches/modules-2/files-2.1/org.jetbrains.kotlin/kotlin-stdlib-jdk7/1.9.10/bc5bfc2690338defd5195b05c57562f2194eeb10/kotlin-stdlib-jdk7-1.9.10.jar:/home/april/.gradle/caches/modules-2/files-2.1/org.jetbrains.kotlin/kotlin-stdlib/1.9.10/72812e8a368917ab5c0a5081b56915ffdfec93b7/kotlin-stdlib-1.9.10.jar:/home/april/.gradle/caches/modules-2/files-2.1/org.jline/jline-terminal/3.12.1/c777448314e050d980a6b697c140f3bfe9eb7416/jline-terminal-3.12.1.jar:/home/april/.gradle/caches/modules-2/files-2.1/org.jetbrains.kotlin/kotlin-stdlib-common/1.9.10/dafaf2c27f27c09220cee312df10917d9a5d97ce/kotlin-stdlib-common-1.9.10.jar:/home/april/.gradle/caches/modules-2/files-2.1/org.jetbrains/annotations/13.0/919f0dfe192fb4e063e7dacadee7f8bb9a2672a9/annotations-13.0.jar)
		at com.sun.jna.Native.extractFromResourcePath(Native.java:1145) ~[jna-5.13.0.jar:5.13.0 (b0)]
		at com.sun.jna.NativeLibrary.loadLibrary(NativeLibrary.java:295) ~[jna-5.13.0.jar:5.13.0 (b0)]
		at com.sun.jna.NativeLibrary.getInstance(NativeLibrary.java:483) ~[jna-5.13.0.jar:5.13.0 (b0)]
		at com.sun.jna.NativeLibrary.getInstance(NativeLibrary.java:425) ~[jna-5.13.0.jar:5.13.0 (b0)]
		at com.mojang.text2speech.NarratorLinux$FliteLibrary.loadNative(NarratorLinux.java:67) ~[text2speech-1.17.9.jar:?]
		at com.mojang.text2speech.NarratorLinux.<init>(NarratorLinux.java:18) ~[text2speech-1.17.9.jar:?]
		at com.mojang.text2speech.Narrator.getNarrator(Narrator.java:41) ~[text2speech-1.17.9.jar:?]
		at net.minecraft.client.util.NarratorManager.<init>(NarratorManager.java:19) ~[minecraft-merged-project-root-1.20.4-net.fabricmc.yarn.1_20_4.1.20.4+build.3-v2.jar:?]
		at net.minecraft.client.MinecraftClient.<init>(MinecraftClient.java:684) ~[minecraft-merged-project-root-1.20.4-net.fabricmc.yarn.1_20_4.1.20.4+build.3-v2.jar:?]
		at net.minecraft.client.main.Main.main(Main.java:223) ~[minecraft-merged-project-root-1.20.4-net.fabricmc.yarn.1_20_4.1.20.4+build.3-v2.jar:?]
		at net.fabricmc.loader.impl.game.minecraft.MinecraftGameProvider.launch(MinecraftGameProvider.java:470) ~[fabric-loader-0.15.1.jar:?]
		at net.fabricmc.loader.impl.launch.knot.Knot.launch(Knot.java:74) ~[fabric-loader-0.15.1.jar:?]
		at net.fabricmc.loader.impl.launch.knot.KnotClient.main(KnotClient.java:23) ~[fabric-loader-0.15.1.jar:?]
		at net.fabricmc.devlaunchinjector.Main.main(Main.java:86) ~[dev-launch-injector-0.2.1+build.8.jar:?]
[20:28:50] [Render thread/INFO] (Minecraft) Reloading ResourceManager: vanilla, fabric (fabric-networking-api-v1, fabric-crash-report-info-v1, fabric-model-loading-api-v1, fabric-transitive-access-wideners-v1, fabric-api-base, fabric-item-api-v1, fabric-recipe-api-v1, fabric-rendering-data-attachment-v1, fabric-models-v0, fabric-resource-loader-v0, fabric-resource-conditions-api-v1, modmenu, fabric-data-generation-api-v1, fabric-mining-level-api-v1, fabric-renderer-indigo, fabric-events-lifecycle-v0, fabric-transfer-api-v1, fabric-commands-v0, fabric-containers-v0, fabric-block-api-v1, fabric-message-api-v1, fabric-renderer-registries-v1, fabric-blockrenderlayer-v1, fabric-screen-handler-api-v1, fabric-dimensions-v1, fabric-renderer-api-v1, fabric-particles-v1, fabric-sound-api-v1, fabric-rendering-v0, fabric-keybindings-v0, fabric-biome-api-v1, fabric-game-rule-api-v1, fabric-block-view-api-v2, fabric-api, fabric-key-binding-api-v1, fabric-object-builder-api-v1, fabric-gametest-api-v1, fabric-item-group-api-v1, fabric-client-tags-api-v1, fabric-rendering-v1, fabric-lifecycle-events-v1, fabric-entity-events-v1, fabric-convention-tags-v1, fabric-command-api-v2, fabric-command-api-v1, appyprox, fabric-content-registries-v0, fabric-rendering-fluids-v1, fabric-registry-sync-v0, fabric-events-interaction-v0, fabric-loot-api-v2, fabric-screen-api-v1, fabric-api-lookup-api-v1, fabricloader)
[20:28:50] [Worker-Main-3/INFO] (Minecraft) Found unifont_all_no_pua-15.1.04.hex, loading
[20:28:53] [Render thread/WARN] (Minecraft) Missing sound for event: minecraft:item.goat_horn.play
[20:28:53] [Render thread/WARN] (Minecraft) Missing sound for event: minecraft:entity.goat.screaming.horn_break
[20:28:53] [Render thread/WARN] (Minecraft) Missing sound for event: minecraft:entity.generic.wind_burst
[20:28:53] [Render thread/INFO] (Minecraft) OpenAL initialized on device Razer Barracuda X 2.4 Analog Stereo
[20:28:53] [Render thread/INFO] (Minecraft) Sound engine started
[20:28:53] [pool-4-thread-1/INFO] (AutoDeployManager) Executing deployment script: /home/april/Projects/AppyProx/AppyProx-FabricMod/run/../auto-deploy.sh
[20:28:53] [pool-4-thread-1/INFO] (AutoDeployManager) Deployment script started, waiting for completion...
[20:28:54] [Render thread/INFO] (Minecraft) Created: 1024x512x4 minecraft:textures/atlas/blocks.png-atlas
[20:28:54] [Render thread/INFO] (Minecraft) Created: 256x256x4 minecraft:textures/atlas/signs.png-atlas
[20:28:54] [Render thread/INFO] (Minecraft) Created: 512x512x4 minecraft:textures/atlas/shield_patterns.png-atlas
[20:28:54] [Render thread/INFO] (Minecraft) Created: 512x512x4 minecraft:textures/atlas/banner_patterns.png-atlas
[20:28:54] [Render thread/INFO] (Minecraft) Created: 1024x1024x4 minecraft:textures/atlas/armor_trims.png-atlas
[20:28:54] [Render thread/INFO] (Minecraft) Created: 256x256x4 minecraft:textures/atlas/chest.png-atlas
[20:28:54] [Render thread/INFO] (Minecraft) Created: 128x64x4 minecraft:textures/atlas/decorated_pot.png-atlas
[20:28:54] [Render thread/INFO] (Minecraft) Created: 512x256x4 minecraft:textures/atlas/beds.png-atlas
[20:28:54] [Render thread/INFO] (Minecraft) Created: 512x256x4 minecraft:textures/atlas/shulker_boxes.png-atlas
[20:28:54] [Render thread/WARN] (Minecraft) Shader rendertype_entity_translucent_emissive could not find sampler named Sampler2 in the specified shader program.
[20:28:54] [Render thread/INFO] (Minecraft) Created: 512x256x0 minecraft:textures/atlas/particles.png-atlas
[20:28:54] [Render thread/INFO] (Minecraft) Created: 256x256x0 minecraft:textures/atlas/paintings.png-atlas
[20:28:54] [Render thread/INFO] (Minecraft) Created: 128x128x0 minecraft:textures/atlas/mob_effects.png-atlas
[20:28:54] [Render thread/INFO] (Minecraft) Created: 1024x512x0 minecraft:textures/atlas/gui.png-atlas
[20:28:54] [Render thread/INFO] (Minecraft) Caught error loading resourcepacks, removing all selected resourcepacks
java.lang.IncompatibleClassChangeError: class com.terraformersmc.modmenu.gui.widget.ModMenuButtonWidget overrides final method net.minecraft.client.gui.widget.ClickableWidget.render(Lnet/minecraft/client/gui/DrawContext;IIF)V
	at java.lang.ClassLoader.defineClass1(Native Method) ~[?:?]
	at java.lang.ClassLoader.defineClass(ClassLoader.java:1017) ~[?:?]
	at java.security.SecureClassLoader.defineClass(SecureClassLoader.java:150) ~[?:?]
	at net.fabricmc.loader.impl.launch.knot.KnotClassLoader.defineClassFwd(KnotClassLoader.java:160) ~[fabric-loader-0.15.1.jar:?]
	at net.fabricmc.loader.impl.launch.knot.KnotClassDelegate.tryLoadClass(KnotClassDelegate.java:355) ~[fabric-loader-0.15.1.jar:?]
	at net.fabricmc.loader.impl.launch.knot.KnotClassDelegate.loadClass(KnotClassDelegate.java:218) ~[fabric-loader-0.15.1.jar:?]
	at net.fabricmc.loader.impl.launch.knot.KnotClassLoader.loadClass(KnotClassLoader.java:119) ~[fabric-loader-0.15.1.jar:?]
	at java.lang.ClassLoader.loadClass(ClassLoader.java:525) ~[?:?]
	at com.terraformersmc.modmenu.event.ModMenuEventHandler.afterTitleScreenInit(ModMenuEventHandler.java:86) ~[modmenu-8.0.0.jar:?]
	at com.terraformersmc.modmenu.event.ModMenuEventHandler.afterScreenInit(ModMenuEventHandler.java:47) ~[modmenu-8.0.0.jar:?]
	at net.fabricmc.fabric.api.client.screen.v1.ScreenEvents.lambda$static$2(ScreenEvents.java:101) ~[fabric-screen-api-v1-2.0.15+f6e85ac232.jar:?]
	at net.minecraft.client.gui.screen.Screen.afterInit(Screen.java:1309) ~[minecraft-merged-project-root-1.20.4-net.fabricmc.yarn.1_20_4.1.20.4+build.3-v2.jar:?]
	at net.minecraft.client.gui.screen.Screen.handler$zll000$fabric-screen-api-v1$afterInitScreen(Screen.java:1262) ~[minecraft-merged-project-root-1.20.4-net.fabricmc.yarn.1_20_4.1.20.4+build.3-v2.jar:?]
	at net.minecraft.client.gui.screen.Screen.init(Screen.java:306) ~[minecraft-merged-project-root-1.20.4-net.fabricmc.yarn.1_20_4.1.20.4+build.3-v2.jar:?]
	at net.minecraft.client.MinecraftClient.setScreen(MinecraftClient.java:1187) ~[minecraft-merged-project-root-1.20.4-net.fabricmc.yarn.1_20_4.1.20.4+build.3-v2.jar:?]
	at net.minecraft.client.MinecraftClient.method_53528(MinecraftClient.java:746) ~[minecraft-merged-project-root-1.20.4-net.fabricmc.yarn.1_20_4.1.20.4+build.3-v2.jar:?]
	at net.minecraft.client.MinecraftClient.collectLoadTimes(MinecraftClient.java:731) ~[minecraft-merged-project-root-1.20.4-net.fabricmc.yarn.1_20_4.1.20.4+build.3-v2.jar:?]
	at net.minecraft.client.MinecraftClient.onFinishedLoading(MinecraftClient.java:720) ~[minecraft-merged-project-root-1.20.4-net.fabricmc.yarn.1_20_4.1.20.4+build.3-v2.jar:?]
	at net.minecraft.client.MinecraftClient.method_29338(MinecraftClient.java:710) ~[minecraft-merged-project-root-1.20.4-net.fabricmc.yarn.1_20_4.1.20.4+build.3-v2.jar:?]
	at net.minecraft.util.Util.ifPresentOrElse(Util.java:517) ~[minecraft-merged-project-root-1.20.4-net.fabricmc.yarn.1_20_4.1.20.4+build.3-v2.jar:?]
	at net.minecraft.client.MinecraftClient.method_53522(MinecraftClient.java:705) ~[minecraft-merged-project-root-1.20.4-net.fabricmc.yarn.1_20_4.1.20.4+build.3-v2.jar:?]
	at net.minecraft.client.gui.screen.SplashOverlay.render(SplashOverlay.java:149) ~[minecraft-merged-project-root-1.20.4-net.fabricmc.yarn.1_20_4.1.20.4+build.3-v2.jar:?]
	at net.minecraft.client.render.GameRenderer.render(GameRenderer.java:920) ~[minecraft-merged-project-root-1.20.4-net.fabricmc.yarn.1_20_4.1.20.4+build.3-v2.jar:?]
	at net.minecraft.client.MinecraftClient.render(MinecraftClient.java:1327) ~[minecraft-merged-project-root-1.20.4-net.fabricmc.yarn.1_20_4.1.20.4+build.3-v2.jar:?]
	at net.minecraft.client.MinecraftClient.run(MinecraftClient.java:888) ~[minecraft-merged-project-root-1.20.4-net.fabricmc.yarn.1_20_4.1.20.4+build.3-v2.jar:?]
	at net.minecraft.client.main.Main.main(Main.java:265) ~[minecraft-merged-project-root-1.20.4-net.fabricmc.yarn.1_20_4.1.20.4+build.3-v2.jar:?]
	at net.fabricmc.loader.impl.game.minecraft.MinecraftGameProvider.launch(MinecraftGameProvider.java:470) ~[fabric-loader-0.15.1.jar:?]
	at net.fabricmc.loader.impl.launch.knot.Knot.launch(Knot.java:74) ~[fabric-loader-0.15.1.jar:?]
	at net.fabricmc.loader.impl.launch.knot.KnotClient.main(KnotClient.java:23) ~[fabric-loader-0.15.1.jar:?]
	at net.fabricmc.devlaunchinjector.Main.main(Main.java:86) ~[dev-launch-injector-0.2.1+build.8.jar:?]
[20:28:54] [Render thread/INFO] (Minecraft) Reloading ResourceManager: vanilla, fabric (fabric-networking-api-v1, fabric-crash-report-info-v1, fabric-model-loading-api-v1, fabric-transitive-access-wideners-v1, fabric-api-base, fabric-item-api-v1, fabric-recipe-api-v1, fabric-rendering-data-attachment-v1, fabric-models-v0, fabric-resource-loader-v0, fabric-resource-conditions-api-v1, modmenu, fabric-data-generation-api-v1, fabric-mining-level-api-v1, fabric-renderer-indigo, fabric-events-lifecycle-v0, fabric-transfer-api-v1, fabric-commands-v0, fabric-containers-v0, fabric-block-api-v1, fabric-message-api-v1, fabric-renderer-registries-v1, fabric-blockrenderlayer-v1, fabric-screen-handler-api-v1, fabric-dimensions-v1, fabric-renderer-api-v1, fabric-particles-v1, fabric-sound-api-v1, fabric-rendering-v0, fabric-keybindings-v0, fabric-biome-api-v1, fabric-game-rule-api-v1, fabric-block-view-api-v2, fabric-api, fabric-key-binding-api-v1, fabric-object-builder-api-v1, fabric-gametest-api-v1, fabric-item-group-api-v1, fabric-client-tags-api-v1, fabric-rendering-v1, fabric-lifecycle-events-v1, fabric-entity-events-v1, fabric-convention-tags-v1, fabric-command-api-v2, fabric-command-api-v1, appyprox, fabric-content-registries-v0, fabric-rendering-fluids-v1, fabric-registry-sync-v0, fabric-events-interaction-v0, fabric-loot-api-v2, fabric-screen-api-v1, fabric-api-lookup-api-v1, fabricloader)
[20:28:54] [Worker-Main-7/INFO] (Minecraft) Found unifont_all_no_pua-15.1.04.hex, loading
[20:28:55] [Render thread/ERROR] (Minecraft) Reported exception thrown!
net.minecraft.util.crash.CrashException: Rendering overlay
	at net.minecraft.client.render.GameRenderer.render(GameRenderer.java:927) ~[minecraft-merged-project-root-1.20.4-net.fabricmc.yarn.1_20_4.1.20.4+build.3-v2.jar:?]
	at net.minecraft.client.MinecraftClient.render(MinecraftClient.java:1327) ~[minecraft-merged-project-root-1.20.4-net.fabricmc.yarn.1_20_4.1.20.4+build.3-v2.jar:?]
	at net.minecraft.client.MinecraftClient.run(MinecraftClient.java:888) ~[minecraft-merged-project-root-1.20.4-net.fabricmc.yarn.1_20_4.1.20.4+build.3-v2.jar:?]
	at net.minecraft.client.main.Main.main(Main.java:265) ~[minecraft-merged-project-root-1.20.4-net.fabricmc.yarn.1_20_4.1.20.4+build.3-v2.jar:?]
	at net.fabricmc.loader.impl.game.minecraft.MinecraftGameProvider.launch(MinecraftGameProvider.java:470) ~[fabric-loader-0.15.1.jar:?]
	at net.fabricmc.loader.impl.launch.knot.Knot.launch(Knot.java:74) ~[fabric-loader-0.15.1.jar:?]
	at net.fabricmc.loader.impl.launch.knot.KnotClient.main(KnotClient.java:23) ~[fabric-loader-0.15.1.jar:?]
	at net.fabricmc.devlaunchinjector.Main.main(Main.java:86) ~[dev-launch-injector-0.2.1+build.8.jar:?]
Caused by: java.lang.IncompatibleClassChangeError: class com.terraformersmc.modmenu.gui.widget.ModMenuButtonWidget overrides final method net.minecraft.client.gui.widget.ClickableWidget.render(Lnet/minecraft/client/gui/DrawContext;IIF)V
	at com.terraformersmc.modmenu.event.ModMenuEventHandler.afterTitleScreenInit(ModMenuEventHandler.java:86) ~[modmenu-8.0.0.jar:?]
	at com.terraformersmc.modmenu.event.ModMenuEventHandler.afterScreenInit(ModMenuEventHandler.java:47) ~[modmenu-8.0.0.jar:?]
	at net.fabricmc.fabric.api.client.screen.v1.ScreenEvents.lambda$static$2(ScreenEvents.java:101) ~[fabric-screen-api-v1-2.0.15+f6e85ac232.jar:?]
	at net.minecraft.client.gui.screen.Screen.afterInit(Screen.java:1309) ~[minecraft-merged-project-root-1.20.4-net.fabricmc.yarn.1_20_4.1.20.4+build.3-v2.jar:?]
	at net.minecraft.client.gui.screen.Screen.handler$zll000$fabric-screen-api-v1$afterInitScreen(Screen.java:1262) ~[minecraft-merged-project-root-1.20.4-net.fabricmc.yarn.1_20_4.1.20.4+build.3-v2.jar:?]
	at net.minecraft.client.gui.screen.Screen.init(Screen.java:306) ~[minecraft-merged-project-root-1.20.4-net.fabricmc.yarn.1_20_4.1.20.4+build.3-v2.jar:?]
	at net.minecraft.client.gui.screen.SplashOverlay.render(SplashOverlay.java:156) ~[minecraft-merged-project-root-1.20.4-net.fabricmc.yarn.1_20_4.1.20.4+build.3-v2.jar:?]
	at net.minecraft.client.render.GameRenderer.render(GameRenderer.java:920) ~[minecraft-merged-project-root-1.20.4-net.fabricmc.yarn.1_20_4.1.20.4+build.3-v2.jar:?]
	... 7 more
[20:28:55] [IO-Worker-1/INFO] (Minecraft) Could not authorize you against Realms server: java.lang.RuntimeException: Failed to parse into SignedJWT: FabricMC
[20:28:55] [IO-Worker-1/ERROR] (Minecraft) Couldn't connect to realms
net.minecraft.client.realms.exception.RealmsServiceException: Realms authentication error with message 'java.lang.RuntimeException: Failed to parse into SignedJWT: FabricMC'
	at net.minecraft.client.realms.RealmsClient.execute(RealmsClient.java:447) ~[minecraft-merged-project-root-1.20.4-net.fabricmc.yarn.1_20_4.1.20.4+build.3-v2.jar:?]
	at net.minecraft.client.realms.RealmsClient.clientCompatible(RealmsClient.java:232) ~[minecraft-merged-project-root-1.20.4-net.fabricmc.yarn.1_20_4.1.20.4+build.3-v2.jar:?]
	at net.minecraft.client.realms.RealmsAvailability.method_52627(RealmsAvailability.java:45) ~[minecraft-merged-project-root-1.20.4-net.fabricmc.yarn.1_20_4.1.20.4+build.3-v2.jar:?]
	at java.util.concurrent.CompletableFuture$AsyncSupply.run(CompletableFuture.java:1768) ~[?:?]
	at java.util.concurrent.ThreadPoolExecutor.runWorker(ThreadPoolExecutor.java:1136) ~[?:?]
	at java.util.concurrent.ThreadPoolExecutor$Worker.run(ThreadPoolExecutor.java:635) ~[?:?]
	at java.lang.Thread.run(Thread.java:840) ~[?:?]
